Object ID:1
Tracking Start:2018-11-09 19:02:58
2018-11-09 19:02:58[ 226.  344.]
2018-11-09 19:02:58[ 249.  329.]
2018-11-09 19:02:59[ 259.5  337.5]
2018-11-09 19:02:59[ 263.  341.]
2018-11-09 19:02:59[ 264.  341.]
2018-11-09 19:02:59[ 260.  341.]
2018-11-09 19:02:59[ 265.  342.]
2018-11-09 19:02:59[ 263.  341.]
2018-11-09 19:03:00[ 258.5  345.5]
2018-11-09 19:03:00[ 257.  349.]
2018-11-09 19:03:00[ 260.  351.]
2018-11-09 19:03:00[ 257.  351.]
2018-11-09 19:03:00[ 257.  352.]
2018-11-09 19:03:01[ 260.  354.]
2018-11-09 19:03:01[ 258.  353.]
2018-11-09 19:03:01[ 258.  354.]
2018-11-09 19:03:01[ 251.5  353.5]
2018-11-09 19:03:01[ 253.  353.]
2018-11-09 19:03:02[ 251.5  344.5]
2018-11-09 19:03:02[ 243.  340.]
2018-11-09 19:03:02[ 243.  340.]
2018-11-09 19:03:03[ 254.5  345.5]
2018-11-09 19:03:03[ 247.5  344.5]
2018-11-09 19:03:03[ 250.5  347.5]
2018-11-09 19:03:03[ 251.  350.]
2018-11-09 19:03:04[ 251.  352.]
2018-11-09 19:03:04[ 268.5  348.5]
2018-11-09 19:03:04[ 284.5  346.5]
2018-11-09 19:03:04[ 322.  329.]
2018-11-09 19:03:04[ 334.5  318.5]
2018-11-09 19:03:04[ 354.5  298.5]
2018-11-09 19:03:04[ 354.5  298.5]
2018-11-09 19:03:05[ 329.5  307.5]
Tracking End:2018-11-09 19:03:05

Object ID:2
Tracking Start:2018-11-09 19:03:09
2018-11-09 19:03:09[ 304.5  260.5]
2018-11-09 19:03:10[ 293.  276.]
2018-11-09 19:03:10[ 310.5  235.5]
2018-11-09 19:03:10[ 310.5  235.5]
2018-11-09 19:03:11[ 367.5  300.5]
2018-11-09 19:03:11[ 302.  308.]
2018-11-09 19:03:12[ 173.5  111.5]
2018-11-09 19:03:12[ 324.5  232.5]
2018-11-09 19:03:12[ 324.5  232.5]
2018-11-09 19:03:13[ 439.  223.]
2018-11-09 19:03:14[ 254.5  219.5]
2018-11-09 19:03:14[ 333.  183.]
2018-11-09 19:03:14[ 333.  183.]
2018-11-09 19:03:15[ 384.5  269.5]
2018-11-09 19:03:15[ 390.5  247.5]
2018-11-09 19:03:17[ 319.5  184.5]
2018-11-09 19:03:17[ 315.5  213.5]
2018-11-09 19:03:18[ 208.  231.]
2018-11-09 19:03:19[ 302.5  236.5]
2018-11-09 19:03:19[ 411.  195.]
2018-11-09 19:03:19[ 430.5  222.5]
2018-11-09 19:03:19[ 366.  264.]
2018-11-09 19:03:19[ 358.  276.]
2018-11-09 19:03:20[ 366.5  289.5]
2018-11-09 19:03:20[ 358.5  288.5]
2018-11-09 19:03:20[ 349.  285.]
2018-11-09 19:03:21[ 342.5  289.5]
2018-11-09 19:03:21[ 360.5  296.5]
2018-11-09 19:03:21[ 361.5  298.5]
2018-11-09 19:03:21[ 376.  299.]
2018-11-09 19:03:21[ 373.  304.]
2018-11-09 19:03:22[ 355.  323.]
Tracking End:2018-11-09 19:03:22

Object ID:3
Tracking Start:2018-11-09 19:03:42
2018-11-09 19:03:42[ 444.  255.]
2018-11-09 19:03:44[ 265.5  209.5]
2018-11-09 19:03:44[ 259.5  195.5]
2018-11-09 19:03:44[ 259.5  195.5]
2018-11-09 19:03:44[ 285.5  293.5]
2018-11-09 19:03:44[ 291.5  180.5]
2018-11-09 19:03:45[ 285.5  176.5]
2018-11-09 19:03:45[ 279.  160.]
2018-11-09 19:03:46[ 295.5  177.5]
2018-11-09 19:03:46[ 304.5  181.5]
2018-11-09 19:03:46[ 304.5  229.5]
2018-11-09 19:03:47[ 292.  274.]
2018-11-09 19:03:49[ 305.  311.]
2018-11-09 19:03:49[ 288.  308.]
Tracking End:2018-11-09 19:03:49

Object ID:4
Tracking Start:2018-11-09 19:03:53
2018-11-09 19:03:53[ 337.  300.]
2018-11-09 19:03:53[ 350.  298.]
2018-11-09 19:03:53[ 330.5  289.5]
2018-11-09 19:03:53[ 330.5  289.5]
2018-11-09 19:03:53[ 301.5  291.5]
2018-11-09 19:03:54[ 293.  301.]
2018-11-09 19:03:54[ 323.5  243.5]
2018-11-09 19:03:56[ 293.  103.]
2018-11-09 19:03:56[ 293.  103.]
2018-11-09 19:03:58[ 337.5  126.5]
2018-11-09 19:03:58[ 376.  192.]
2018-11-09 19:03:59[ 409.  247.]
2018-11-09 19:03:59[ 416.5  252.5]
2018-11-09 19:03:59[ 416.5  252.5]
2018-11-09 19:03:59[ 414.5  259.5]
2018-11-09 19:03:59[ 398.  276.]
2018-11-09 19:03:59[ 390.  276.]
2018-11-09 19:04:00[ 343.  284.]
2018-11-09 19:04:00[ 323.  267.]
2018-11-09 19:04:01[ 346.  232.]
2018-11-09 19:04:01[ 360.  175.]
2018-11-09 19:04:02[ 328.  124.]
2018-11-09 19:04:02[ 327.  190.]
2018-11-09 19:04:02[ 342.  218.]
2018-11-09 19:04:03[ 338.5  217.5]
2018-11-09 19:04:03[ 328.  215.]
2018-11-09 19:04:03[ 329.  234.]
2018-11-09 19:04:03[ 336.  230.]
2018-11-09 19:04:04[ 323.  204.]
2018-11-09 19:04:04[ 300.5  187.5]
2018-11-09 19:04:04[ 260.5  142.5]
2018-11-09 19:04:05[ 257.5  133.5]
2018-11-09 19:04:05[ 244.  126.]
2018-11-09 19:04:05[ 243.  121.]
2018-11-09 19:04:05[ 274.  113.]
2018-11-09 19:04:06[ 284.  117.]
2018-11-09 19:04:06[ 279.  132.]
2018-11-09 19:04:06[ 283.  142.]
2018-11-09 19:04:06[ 294.5  173.5]
2018-11-09 19:04:06[ 302.5  189.5]
2018-11-09 19:04:07[ 308.  205.]
2018-11-09 19:04:07[ 321.  203.]
2018-11-09 19:04:08[ 314.  214.]
2018-11-09 19:04:08[ 314.  214.]
2018-11-09 19:04:08[ 314.  214.]
2018-11-09 19:04:08[ 311.5  222.5]
2018-11-09 19:04:08[ 321.5  219.5]
2018-11-09 19:04:09[ 322.5  218.5]
2018-11-09 19:04:09[ 322.  219.]
2018-11-09 19:04:09[ 318.5  220.5]
2018-11-09 19:04:10[ 331.5  229.5]
2018-11-09 19:04:10[ 331.5  229.5]
2018-11-09 19:04:11[ 323.  235.]
2018-11-09 19:04:11[ 320.5  233.5]
2018-11-09 19:04:11[ 316.5  234.5]
2018-11-09 19:04:11[ 322.  238.]
2018-11-09 19:04:11[ 321.5  242.5]
2018-11-09 19:04:12[ 318.  242.]
2018-11-09 19:04:12[ 311.5  228.5]
2018-11-09 19:04:12[ 306.  222.]
2018-11-09 19:04:13[ 283.  201.]
2018-11-09 19:04:13[ 283.  201.]
2018-11-09 19:04:13[ 301.5  217.5]
2018-11-09 19:04:13[ 310.5  207.5]
2018-11-09 19:04:14[ 312.5  206.5]
2018-11-09 19:04:14[ 311.  208.]
2018-11-09 19:04:15[ 310.  210.]
2018-11-09 19:04:15[ 310.  210.]
2018-11-09 19:04:15[ 309.5  208.5]
2018-11-09 19:04:15[ 308.  211.]
2018-11-09 19:04:16[ 311.5  211.5]
2018-11-09 19:04:16[ 304.  213.]
2018-11-09 19:04:16[ 307.  213.]
2018-11-09 19:04:16[ 307.  213.]
2018-11-09 19:04:16[ 310.  213.]
2018-11-09 19:04:17[ 303.  213.]
2018-11-09 19:04:17[ 306.  214.]
2018-11-09 19:04:17[ 303.5  214.5]
2018-11-09 19:04:17[ 301.5  213.5]
2018-11-09 19:04:18[ 300.5  214.5]
2018-11-09 19:04:18[ 302.5  214.5]
2018-11-09 19:04:19[ 301.  217.]
2018-11-09 19:04:19[ 302.  215.]
2018-11-09 19:04:19[ 301.  216.]
2018-11-09 19:04:20[ 302.  215.]
2018-11-09 19:04:20[ 303.  213.]
2018-11-09 19:04:21[ 302.5  219.5]
2018-11-09 19:04:21[ 309.5  217.5]
2018-11-09 19:04:21[ 309.5  217.5]
2018-11-09 19:04:21[ 322.5  219.5]
2018-11-09 19:04:22[ 331.  219.]
2018-11-09 19:04:22[ 271.5  199.5]
Tracking End:2018-11-09 19:04:22

Object ID:5
Tracking Start:2018-11-09 19:04:27
2018-11-09 19:04:27[ 183.  204.]
2018-11-09 19:04:27[ 218.  212.]
2018-11-09 19:04:27[ 243.  220.]
2018-11-09 19:04:28[ 259.5  226.5]
2018-11-09 19:04:28[ 364.  264.]
2018-11-09 19:04:29[ 355.  260.]
2018-11-09 19:04:29[ 343.5  261.5]
2018-11-09 19:04:29[ 343.5  261.5]
2018-11-09 19:04:29[ 330.  270.]
2018-11-09 19:04:29[ 343.  249.]
2018-11-09 19:04:30[ 362.  251.]
2018-11-09 19:04:30[ 399.  242.]
2018-11-09 19:04:30[ 419.5  234.5]
2018-11-09 19:04:30[ 406.5  218.5]
2018-11-09 19:04:31[ 388.  200.]
2018-11-09 19:04:31[ 368.5  193.5]
2018-11-09 19:04:31[ 345.5  190.5]
2018-11-09 19:04:32[ 249.  213.]
2018-11-09 19:04:32[ 264.  216.]
2018-11-09 19:04:32[ 277.5  215.5]
2018-11-09 19:04:32[ 277.5  215.5]
2018-11-09 19:04:32[ 297.5  215.5]
2018-11-09 19:04:33[ 342.  212.]
2018-11-09 19:04:33[ 383.  229.]
2018-11-09 19:04:34[ 349.  241.]
2018-11-09 19:04:34[ 341.  250.]
2018-11-09 19:04:35[ 326.  242.]
2018-11-09 19:04:35[ 322.  241.]
2018-11-09 19:04:35[ 323.5  234.5]
2018-11-09 19:04:35[ 319.  229.]
2018-11-09 19:04:36[ 316.  169.]
2018-11-09 19:04:36[ 320.  175.]
2018-11-09 19:04:36[ 320.  175.]
2018-11-09 19:04:36[ 320.  187.]
2018-11-09 19:04:36[ 320.  187.]
2018-11-09 19:04:37[ 312.  192.]
2018-11-09 19:04:38[ 304.  197.]
2018-11-09 19:04:38[ 302.5  196.5]
2018-11-09 19:04:38[ 302.5  196.5]
2018-11-09 19:04:38[ 307.  197.]
2018-11-09 19:04:38[ 309.  199.]
2018-11-09 19:04:39[ 267.5  185.5]
Tracking End:2018-11-09 19:04:39

Object ID:6
Tracking Start:2018-11-09 19:04:47
2018-11-09 19:04:47[ 197.  197.]
2018-11-09 19:04:47[ 240.5  203.5]
2018-11-09 19:04:47[ 240.5  203.5]
2018-11-09 19:04:47[ 262.  206.]
2018-11-09 19:04:47[ 276.  210.]
2018-11-09 19:04:48[ 285.  210.]
2018-11-09 19:04:48[ 304.  222.]
2018-11-09 19:04:48[ 317.5  230.5]
2018-11-09 19:04:48[ 321.5  232.5]
2018-11-09 19:04:49[ 329.  232.]
2018-11-09 19:04:49[ 355.  232.]
2018-11-09 19:04:50[ 361.5  237.5]
2018-11-09 19:04:50[ 378.  237.]
2018-11-09 19:04:50[ 387.5  235.5]
2018-11-09 19:04:50[ 386.5  230.5]
2018-11-09 19:04:51[ 384.5  234.5]
2018-11-09 19:04:51[ 384.5  234.5]
2018-11-09 19:04:51[ 382.  235.]
2018-11-09 19:04:52[ 378.  234.]
2018-11-09 19:04:52[ 379.  231.]
2018-11-09 19:04:52[ 371.5  223.5]
2018-11-09 19:04:53[ 354.  224.]
2018-11-09 19:04:53[ 206.  150.]
Tracking End:2018-11-09 19:04:53

Object ID:7
Tracking Start:2018-11-09 19:05:03
2018-11-09 19:05:03[ 143.  227.]
2018-11-09 19:05:03[ 164.5  221.5]
2018-11-09 19:05:03[ 191.  225.]
2018-11-09 19:05:04[ 266.  236.]
2018-11-09 19:05:04[ 266.  236.]
2018-11-09 19:05:04[ 289.  235.]
2018-11-09 19:05:04[ 300.  237.]
2018-11-09 19:05:05[ 336.  241.]
2018-11-09 19:05:06[ 365.  240.]
2018-11-09 19:05:06[ 363.  239.]
2018-11-09 19:05:06[ 361.5  239.5]
2018-11-09 19:05:06[ 361.5  237.5]
2018-11-09 19:05:07[ 360.5  237.5]
2018-11-09 19:05:07[ 360.5  236.5]
2018-11-09 19:05:07[ 352.5  228.5]
2018-11-09 19:05:08[ 331.  220.]
2018-11-09 19:05:08[ 292.  209.]
2018-11-09 19:05:08[ 268.5  205.5]
2018-11-09 19:05:08[ 205.  206.]
2018-11-09 19:05:09[ 220.  212.]
2018-11-09 19:05:09[ 220.  212.]
2018-11-09 19:05:09[ 224.5  210.5]
2018-11-09 19:05:10[ 216.5  202.5]
2018-11-09 19:05:10[ 179.  169.]
2018-11-09 19:05:10[ 166.5  158.5]
Tracking End:2018-11-09 19:05:10

Object ID:8
Tracking Start:2018-11-09 19:05:18
2018-11-09 19:05:18[ 78.5  24.5]
Tracking End:2018-11-09 19:05:18

Object ID:9
Tracking Start:2018-11-09 19:05:30
2018-11-09 19:05:30[ 199.5  130.5]
2018-11-09 19:05:30[ 171.  109.]
2018-11-09 19:05:30[ 159.  103.]
Tracking End:2018-11-09 19:05:30

Object ID:10
Tracking Start:2018-11-09 19:05:33
2018-11-09 19:05:33[  87.  264.]
2018-11-09 19:05:33[  87.  258.]
2018-11-09 19:05:35[  86.  276.]
2018-11-09 19:05:35[  82.  276.]
2018-11-09 19:05:36[ 112.5  162.5]
Tracking End:2018-11-09 19:05:36

Object ID:12
Tracking Start:2018-11-09 19:05:45
2018-11-09 19:05:45[ 346.5  138.5]
2018-11-09 19:05:45[ 299.5  174.5]
Tracking End:2018-11-09 19:05:45

Object ID:11
Tracking Start:2018-11-09 19:05:45
2018-11-09 19:05:45[ 437.5  345.5]
2018-11-09 19:05:46[ 390.5  269.5]
Tracking End:2018-11-09 19:05:46

Object ID:13
Tracking Start:2018-11-09 19:06:12
2018-11-09 19:06:12[ 427.5   44.5]
Tracking End:2018-11-09 19:06:12

Object ID:14
Tracking Start:2018-11-09 19:06:14
2018-11-09 19:06:14[ 292.5   79.5]
2018-11-09 19:06:15[ 248.5  127.5]
Tracking End:2018-11-09 19:06:15

Object ID:15
Tracking Start:2018-11-09 19:06:32
2018-11-09 19:06:32[ 274.  311.]
2018-11-09 19:06:32[ 222.  312.]
2018-11-09 19:06:32[ 207.  302.]
2018-11-09 19:06:33[ 198.5  302.5]
2018-11-09 19:06:33[ 192.5  179.5]
2018-11-09 19:06:35[ 244.  163.]
2018-11-09 19:06:35[ 244.  163.]
2018-11-09 19:06:35[ 244.  163.]
2018-11-09 19:06:35[ 227.5  174.5]
2018-11-09 19:06:36[ 233.5  181.5]
2018-11-09 19:06:36[ 237.5  180.5]
2018-11-09 19:06:36[ 249.5  178.5]
2018-11-09 19:06:37[ 300.  169.]
2018-11-09 19:06:38[ 323.  174.]
2018-11-09 19:06:38[ 323.  174.]
2018-11-09 19:06:38[ 311.  172.]
2018-11-09 19:06:38[ 321.5  173.5]
2018-11-09 19:06:38[ 319.5  175.5]
2018-11-09 19:06:38[ 297.  171.]
2018-11-09 19:06:39[ 291.  167.]
2018-11-09 19:06:39[ 342.5  166.5]
2018-11-09 19:06:39[ 358.5  161.5]
2018-11-09 19:06:40[ 348.  136.]
2018-11-09 19:06:40[ 379.5  128.5]
Tracking End:2018-11-09 19:06:40

Object ID:16
Tracking Start:2018-11-09 19:06:57
2018-11-09 19:06:57[ 343.   94.]
2018-11-09 19:07:00[ 173.   95.]
2018-11-09 19:07:00[ 163.   91.]
2018-11-09 19:07:00[ 182.5  105.5]
2018-11-09 19:07:00[ 174.5  106.5]
2018-11-09 19:07:00[ 170.  114.]
Tracking End:2018-11-09 19:07:00

Object ID:17
Tracking Start:2018-11-09 19:07:05
2018-11-09 19:07:05[ 376.  201.]
Tracking End:2018-11-09 19:07:05

Object ID:18
Tracking Start:2018-11-09 19:07:08
2018-11-09 19:07:08[ 299.  428.]
Tracking End:2018-11-09 19:07:08

Object ID:19
Tracking Start:2018-11-09 19:07:13
2018-11-09 19:07:13[ 241.  141.]
2018-11-09 19:07:14[ 254.  138.]
2018-11-09 19:07:14[ 254.  138.]
2018-11-09 19:07:14[ 250.5  137.5]
2018-11-09 19:07:15[ 258.  140.]
2018-11-09 19:07:15[ 261.5  140.5]
2018-11-09 19:07:16[ 237.5  129.5]
2018-11-09 19:07:17[ 194.5  109.5]
Tracking End:2018-11-09 19:07:17

Object ID:20
Tracking Start:2018-11-09 19:07:33
2018-11-09 19:07:33[ 183.5  143.5]
2018-11-09 19:07:35[ 233.  112.]
2018-11-09 19:07:36[ 227.  103.]
2018-11-09 19:07:36[ 228.  101.]
2018-11-09 19:07:36[ 234.  102.]
2018-11-09 19:07:36[ 229.5  102.5]
2018-11-09 19:07:37[ 225.5  106.5]
2018-11-09 19:07:37[ 231.  111.]
2018-11-09 19:07:37[ 234.  112.]
2018-11-09 19:07:37[ 231.  109.]
2018-11-09 19:07:38[ 237.5  111.5]
2018-11-09 19:07:38[ 238.5  111.5]
2018-11-09 19:07:38[ 237.  111.]
2018-11-09 19:07:39[ 239.5  110.5]
2018-11-09 19:07:39[ 239.5  111.5]
2018-11-09 19:07:39[ 248.  117.]
2018-11-09 19:07:39[ 252.5  123.5]
2018-11-09 19:07:40[ 238.  118.]
2018-11-09 19:07:40[ 142.  116.]
2018-11-09 19:07:41[ 114.  116.]
2018-11-09 19:07:41[ 114.  116.]
2018-11-09 19:07:41[ 120.5  115.5]
2018-11-09 19:07:41[ 169.5  118.5]
2018-11-09 19:07:42[ 149.  112.]
Tracking End:2018-11-09 19:07:42

Object ID:21
Tracking Start:2018-11-09 19:07:50
2018-11-09 19:07:50[ 240.  138.]
2018-11-09 19:07:51[ 236.5  108.5]
2018-11-09 19:07:51[ 237.  107.]
2018-11-09 19:07:51[ 237.  107.]
2018-11-09 19:07:51[ 246.5  112.5]
2018-11-09 19:07:52[ 247.  115.]
2018-11-09 19:07:52[ 239.5  116.5]
2018-11-09 19:07:52[ 250.  118.]
2018-11-09 19:07:54[ 367.5  212.5]
2018-11-09 19:07:55[ 243.5  107.5]
2018-11-09 19:07:55[ 243.5  107.5]
2018-11-09 19:07:55[ 224.  106.]
2018-11-09 19:07:55[ 178.  108.]
2018-11-09 19:07:56[ 163.  105.]
2018-11-09 19:07:57[ 192.  115.]
2018-11-09 19:07:57[ 177.  118.]
Tracking End:2018-11-09 19:07:57

Object ID:22
Tracking Start:2018-11-09 19:08:06
2018-11-09 19:08:06[ 124.5  193.5]
2018-11-09 19:08:06[ 111.5  176.5]
2018-11-09 19:08:06[  88.5  152.5]
2018-11-09 19:08:07[ 102.5  153.5]
2018-11-09 19:08:07[ 228.  190.]
2018-11-09 19:08:07[ 268.  184.]
Tracking End:2018-11-09 19:08:07

Object ID:23
Tracking Start:2018-11-09 19:08:10
2018-11-09 19:08:10[  34.  344.]
Tracking End:2018-11-09 19:08:10

Object ID:24
Tracking Start:2018-11-09 19:08:20
2018-11-09 19:08:20[ 249.  124.]
2018-11-09 19:08:22[ 231.5  106.5]
2018-11-09 19:08:23[ 217.5  109.5]
2018-11-09 19:08:24[ 215.5  110.5]
2018-11-09 19:08:24[ 211.5  112.5]
2018-11-09 19:08:24[ 212.5  112.5]
2018-11-09 19:08:25[ 216.  119.]
2018-11-09 19:08:25[ 220.5  119.5]
2018-11-09 19:08:25[ 220.5  119.5]
2018-11-09 19:08:25[ 225.5  118.5]
2018-11-09 19:08:25[ 225.5  118.5]
2018-11-09 19:08:25[ 239.  122.]
2018-11-09 19:08:26[ 256.  127.]
Tracking End:2018-11-09 19:08:26

Object ID:25
Tracking Start:2018-11-09 19:08:30
2018-11-09 19:08:30[ 268.  122.]
2018-11-09 19:08:30[ 252.  122.]
2018-11-09 19:08:31[ 227.5  119.5]
2018-11-09 19:08:31[ 194.5  131.5]
2018-11-09 19:08:33[ 254.  209.]
Tracking End:2018-11-09 19:08:33

Object ID:26
Tracking Start:2018-11-09 19:08:37
2018-11-09 19:08:37[ 272.  153.]
2018-11-09 19:08:40[ 254.  136.]
Tracking End:2018-11-09 19:08:40

Object ID:27
Tracking Start:2018-11-09 19:08:44
2018-11-09 19:08:44[ 251.5  130.5]
Tracking End:2018-11-09 19:08:45

Object ID:28
Tracking Start:2018-11-09 19:08:52
2018-11-09 19:08:52[ 225.  116.]
Tracking End:2018-11-09 19:08:52

Object ID:29
Tracking Start:2018-11-09 19:08:57
2018-11-09 19:08:57[ 246.  109.]
2018-11-09 19:08:58[ 237.  105.]
2018-11-09 19:08:59[ 281.5  114.5]
2018-11-09 19:09:01[ 253.  112.]
2018-11-09 19:09:02[ 212.  108.]
2018-11-09 19:09:02[ 196.5  136.5]
2018-11-09 19:09:03[ 196.5  151.5]
2018-11-09 19:09:03[ 196.5  151.5]
2018-11-09 19:09:03[ 103.5  146.5]
Tracking End:2018-11-09 19:09:03

Object ID:30
Tracking Start:2018-11-09 19:09:03
2018-11-09 19:09:03[ 209.  164.]
2018-11-09 19:09:04[ 237.  174.]
2018-11-09 19:09:04[ 241.5  174.5]
2018-11-09 19:09:06[ 254.5  117.5]
2018-11-09 19:09:07[ 233.5  107.5]
2018-11-09 19:09:07[ 233.5  107.5]
2018-11-09 19:09:07[ 231.5  108.5]
2018-11-09 19:09:08[ 225.  116.]
2018-11-09 19:09:09[ 225.  116.]
2018-11-09 19:09:09[ 232.5  119.5]
2018-11-09 19:09:09[ 229.5  121.5]
2018-11-09 19:09:09[ 239.5  126.5]
2018-11-09 19:09:11[ 237.  131.]
2018-11-09 19:09:11[ 219.  131.]
2018-11-09 19:09:11[ 219.5  139.5]
Tracking End:2018-11-09 19:09:11

Object ID:31
Tracking Start:2018-11-09 19:09:17
2018-11-09 19:09:17[ 289.  151.]
2018-11-09 19:09:17[ 202.  152.]
2018-11-09 19:09:18[ 242.  158.]
2018-11-09 19:09:18[ 177.5  167.5]
2018-11-09 19:09:18[ 222.  173.]
2018-11-09 19:09:19[ 252.5  144.5]
2018-11-09 19:09:20[ 202.  144.]
2018-11-09 19:09:20[ 266.5  165.5]
2018-11-09 19:09:20[ 181.  177.]
2018-11-09 19:09:21[ 193.  123.]
2018-11-09 19:09:21[ 127.  131.]
2018-11-09 19:09:21[ 115.5  138.5]
2018-11-09 19:09:22[ 165.  146.]
2018-11-09 19:09:22[ 165.  146.]
2018-11-09 19:09:23[ 208.5  164.5]
2018-11-09 19:09:23[ 252.5  167.5]
2018-11-09 19:09:24[ 189.5  165.5]
2018-11-09 19:09:24[ 178.5  174.5]
2018-11-09 19:09:24[ 177.  177.]
2018-11-09 19:09:25[ 178.  171.]
2018-11-09 19:09:25[ 181.5  171.5]
2018-11-09 19:09:25[ 181.5  171.5]
2018-11-09 19:09:26[ 190.  167.]
2018-11-09 19:09:26[ 184.5  163.5]
2018-11-09 19:09:26[ 182.5  160.5]
2018-11-09 19:09:26[ 182.5  160.5]
2018-11-09 19:09:27[ 180.  159.]
2018-11-09 19:09:27[ 188.  160.]
2018-11-09 19:09:28[ 178.  159.]
2018-11-09 19:09:28[ 187.  161.]
2018-11-09 19:09:28[ 187.  161.]
2018-11-09 19:09:28[ 180.5  167.5]
2018-11-09 19:09:29[ 180.  166.]
2018-11-09 19:09:29[ 178.  167.]
2018-11-09 19:09:29[ 178.  162.]
2018-11-09 19:09:30[ 159.  156.]
2018-11-09 19:09:30[ 169.  155.]
2018-11-09 19:09:30[ 167.5  152.5]
2018-11-09 19:09:30[ 170.  156.]
2018-11-09 19:09:30[ 169.5  153.5]
2018-11-09 19:09:31[ 174.5  149.5]
2018-11-09 19:09:32[ 179.5  138.5]
2018-11-09 19:09:32[ 183.  141.]
2018-11-09 19:09:33[ 179.5  138.5]
2018-11-09 19:09:33[ 181.  136.]
2018-11-09 19:09:33[ 176.  143.]
2018-11-09 19:09:34[ 186.  142.]
2018-11-09 19:09:34[ 184.  142.]
2018-11-09 19:09:34[ 175.5  149.5]
2018-11-09 19:09:35[ 154.  154.]
2018-11-09 19:09:35[ 164.  143.]
2018-11-09 19:09:37[ 146.5  152.5]
2018-11-09 19:09:38[ 129.5  155.5]
2018-11-09 19:09:38[ 129.5  155.5]
Tracking End:2018-11-09 19:09:38

Object ID:32
Tracking Start:2018-11-09 19:09:44
2018-11-09 19:09:44[ 146.  173.]
2018-11-09 19:09:44[ 149.5  165.5]
2018-11-09 19:09:44[ 149.5  165.5]
2018-11-09 19:09:45[ 195.  148.]
2018-11-09 19:09:45[ 174.  145.]
2018-11-09 19:09:46[ 219.  167.]
2018-11-09 19:09:46[ 219.  167.]
2018-11-09 19:09:46[ 212.5  165.5]
2018-11-09 19:09:46[ 215.  167.]
2018-11-09 19:09:48[ 228.  158.]
2018-11-09 19:09:48[ 201.5  153.5]
2018-11-09 19:09:48[ 196.5  147.5]
2018-11-09 19:09:48[ 190.5  148.5]
2018-11-09 19:09:48[ 190.5  148.5]
2018-11-09 19:09:48[ 194.5  147.5]
2018-11-09 19:09:48[ 184.  148.]
2018-11-09 19:09:49[ 181.  149.]
2018-11-09 19:09:49[ 176.  151.]
2018-11-09 19:09:49[ 166.5  150.5]
2018-11-09 19:09:50[ 164.  150.]
2018-11-09 19:09:51[ 148.  151.]
2018-11-09 19:09:51[ 142.  148.]
2018-11-09 19:09:51[ 149.  145.]
2018-11-09 19:09:51[ 148.5  144.5]
2018-11-09 19:09:51[ 149.5  142.5]
2018-11-09 19:09:52[ 161.  148.]
2018-11-09 19:09:52[ 156.  150.]
2018-11-09 19:09:52[ 160.5  150.5]
2018-11-09 19:09:52[ 152.5  148.5]
2018-11-09 19:09:52[ 152.5  148.5]
2018-11-09 19:09:53[ 162.5  151.5]
2018-11-09 19:09:53[ 158.  151.]
2018-11-09 19:09:54[ 142.  141.]
2018-11-09 19:09:54[ 118.5  142.5]
Tracking End:2018-11-09 19:09:54

Object ID:33
Tracking Start:2018-11-09 19:10:01
2018-11-09 19:10:01[ 111.5  132.5]
2018-11-09 19:10:02[ 148.  130.]
2018-11-09 19:10:03[ 226.  132.]
2018-11-09 19:10:03[ 226.  132.]
2018-11-09 19:10:03[ 245.5  134.5]
2018-11-09 19:10:05[ 310.  142.]
2018-11-09 19:10:05[ 307.  142.]
2018-11-09 19:10:05[ 307.  142.]
2018-11-09 19:10:05[ 307.  142.]
2018-11-09 19:10:07[ 245.  130.]
2018-11-09 19:10:07[ 177.5  146.5]
2018-11-09 19:10:08[ 233.5  155.5]
2018-11-09 19:10:08[ 207.  163.]
2018-11-09 19:10:09[ 201.  161.]
2018-11-09 19:10:09[ 203.5  165.5]
2018-11-09 19:10:09[ 204.  166.]
2018-11-09 19:10:09[ 196.5  165.5]
2018-11-09 19:10:10[ 193.5  165.5]
2018-11-09 19:10:10[ 197.  165.]
2018-11-09 19:10:10[ 199.5  166.5]
2018-11-09 19:10:11[ 201.  169.]
2018-11-09 19:10:11[ 197.5  167.5]
2018-11-09 19:10:11[ 205.  166.]
2018-11-09 19:10:12[ 195.5  167.5]
2018-11-09 19:10:12[ 202.  172.]
2018-11-09 19:10:12[ 207.  173.]
2018-11-09 19:10:12[ 207.  173.]
2018-11-09 19:10:13[ 205.  173.]
2018-11-09 19:10:13[ 208.  173.]
2018-11-09 19:10:13[ 206.5  173.5]
2018-11-09 19:10:13[ 205.5  172.5]
2018-11-09 19:10:14[ 207.5  174.5]
2018-11-09 19:10:14[ 209.5  173.5]
2018-11-09 19:10:14[ 207.5  170.5]
2018-11-09 19:10:14[ 211.  173.]
2018-11-09 19:10:15[ 219.  178.]
2018-11-09 19:10:15[ 223.  177.]
2018-11-09 19:10:15[ 217.5  177.5]
2018-11-09 19:10:18[ 340.5  194.5]
2018-11-09 19:10:18[ 314.5  180.5]
2018-11-09 19:10:19[ 308.5  181.5]
2018-11-09 19:10:19[ 308.5  181.5]
2018-11-09 19:10:20[ 298.  171.]
2018-11-09 19:10:20[ 278.  160.]
2018-11-09 19:10:21[ 255.  157.]
2018-11-09 19:10:22[ 223.  160.]
Tracking End:2018-11-09 19:10:22

Object ID:35
Tracking Start:2018-11-09 19:10:32
2018-11-09 19:10:32[ 281.5  173.5]
2018-11-09 19:10:32[ 275.  161.]
2018-11-09 19:10:33[ 293.5  154.5]
2018-11-09 19:10:33[ 293.5  150.5]
2018-11-09 19:10:34[ 315.5  158.5]
2018-11-09 19:10:35[ 303.  160.]
Tracking End:2018-11-09 19:10:35

Object ID:34
Tracking Start:2018-11-09 19:10:29
2018-11-09 19:10:29[  91.  159.]
2018-11-09 19:10:30[ 141.5  153.5]
2018-11-09 19:10:30[ 170.5  157.5]
2018-11-09 19:10:30[ 198.  163.]
2018-11-09 19:10:31[ 221.  167.]
2018-11-09 19:10:31[ 247.  170.]
2018-11-09 19:10:31[ 247.  170.]
2018-11-09 19:10:32[ 263.  175.]
2018-11-09 19:10:32[ 240.  157.]
2018-11-09 19:10:33[ 201.  138.]
2018-11-09 19:10:34[ 205.  139.]
2018-11-09 19:10:35[ 244.  147.]
2018-11-09 19:10:35[ 232.5  152.5]
2018-11-09 19:10:35[ 220.  152.]
2018-11-09 19:10:36[ 153.  150.]
2018-11-09 19:10:36[ 142.5  151.5]
2018-11-09 19:10:36[ 126.5  156.5]
2018-11-09 19:10:36[ 126.5  156.5]
2018-11-09 19:10:36[ 126.5  156.5]
Tracking End:2018-11-09 19:10:36

Object ID:36
Tracking Start:2018-11-09 19:10:43
2018-11-09 19:10:43[ 146.  154.]
2018-11-09 19:10:44[ 183.5  153.5]
2018-11-09 19:10:44[ 222.5  148.5]
2018-11-09 19:10:45[ 252.5  156.5]
2018-11-09 19:10:45[ 246.  154.]
2018-11-09 19:10:45[ 252.  152.]
2018-11-09 19:10:45[ 247.  145.]
2018-11-09 19:10:45[ 247.  145.]
2018-11-09 19:10:45[ 243.  141.]
2018-11-09 19:10:46[ 237.5  143.5]
2018-11-09 19:10:46[ 240.  146.]
2018-11-09 19:10:48[ 264.  150.]
2018-11-09 19:10:48[ 224.5  142.5]
2018-11-09 19:10:48[ 242.5  141.5]
2018-11-09 19:10:50[ 173.5  150.5]
2018-11-09 19:10:51[  71.  153.]
2018-11-09 19:10:51[  71.  153.]
2018-11-09 19:10:53[ 133.  164.]
2018-11-09 19:10:53[ 133.  164.]
2018-11-09 19:10:53[ 216.5  156.5]
2018-11-09 19:10:54[ 221.5  147.5]
2018-11-09 19:10:54[ 218.5  146.5]
2018-11-09 19:10:54[ 217.  145.]
2018-11-09 19:10:56[ 209.  146.]
2018-11-09 19:10:56[ 210.  148.]
2018-11-09 19:10:57[ 215.  145.]
2018-11-09 19:10:57[ 212.5  142.5]
2018-11-09 19:10:57[ 212.5  141.5]
2018-11-09 19:10:57[ 215.  144.]
2018-11-09 19:10:58[ 209.  137.]
2018-11-09 19:10:58[ 209.  137.]
2018-11-09 19:10:58[ 213.  135.]
2018-11-09 19:10:58[ 212.5  133.5]
2018-11-09 19:10:59[ 209.  137.]
2018-11-09 19:10:59[ 209.  135.]
2018-11-09 19:10:59[ 211.5  138.5]
2018-11-09 19:10:59[ 211.  138.]
2018-11-09 19:11:00[ 209.5  140.5]
2018-11-09 19:11:00[ 208.5  142.5]
2018-11-09 19:11:00[ 208.  142.]
2018-11-09 19:11:00[ 211.  147.]
2018-11-09 19:11:01[ 209.5  147.5]
2018-11-09 19:11:02[ 211.  143.]
2018-11-09 19:11:02[ 208.5  142.5]
2018-11-09 19:11:02[ 208.5  140.5]
2018-11-09 19:11:02[ 204.  138.]
2018-11-09 19:11:02[ 204.  138.]
Tracking End:2018-11-09 19:11:02

Object ID:37
Tracking Start:2018-11-09 19:11:08
2018-11-09 19:11:08[  93.  137.]
2018-11-09 19:11:08[  92.  142.]
2018-11-09 19:11:08[ 109.5  134.5]
2018-11-09 19:11:09[ 128.  136.]
2018-11-09 19:11:09[ 132.5  136.5]
2018-11-09 19:11:09[ 171.  140.]
2018-11-09 19:11:09[ 178.5  137.5]
2018-11-09 19:11:10[ 194.  140.]
2018-11-09 19:11:10[ 194.  140.]
2018-11-09 19:11:10[ 202.  142.]
2018-11-09 19:11:11[ 248.  147.]
2018-11-09 19:11:11[ 250.  148.]
2018-11-09 19:11:11[ 250.  148.]
2018-11-09 19:11:11[ 250.  148.]
2018-11-09 19:11:11[ 255.5  148.5]
2018-11-09 19:11:12[ 252.  149.]
2018-11-09 19:11:12[ 248.5  150.5]
2018-11-09 19:11:12[ 254.5  149.5]
2018-11-09 19:11:12[ 254.5  149.5]
2018-11-09 19:11:13[ 235.  170.]
2018-11-09 19:11:15[ 224.  173.]
2018-11-09 19:11:16[ 223.  169.]
2018-11-09 19:11:16[ 230.  171.]
2018-11-09 19:11:16[ 227.  171.]
2018-11-09 19:11:17[ 226.  168.]
2018-11-09 19:11:17[ 241.5  175.5]
2018-11-09 19:11:17[ 238.5  177.5]
2018-11-09 19:11:18[ 246.  182.]
2018-11-09 19:11:21[ 250.  155.]
2018-11-09 19:11:21[ 286.5  155.5]
2018-11-09 19:11:21[ 317.  160.]
2018-11-09 19:11:22[ 100.5  121.5]
2018-11-09 19:11:22[ 100.5  121.5]
2018-11-09 19:11:22[ 146.5  144.5]
2018-11-09 19:11:23[ 256.  144.]
2018-11-09 19:11:24[ 184.  148.]
2018-11-09 19:11:24[ 162.  149.]
2018-11-09 19:11:24[ 133.  151.]
2018-11-09 19:11:24[  94.5  159.5]
Tracking End:2018-11-09 19:11:24

Object ID:38
Tracking Start:2018-11-09 19:11:29
2018-11-09 19:11:29[ 102.5  165.5]
2018-11-09 19:11:29[ 141.5  159.5]
2018-11-09 19:11:29[ 156.  156.]
2018-11-09 19:11:30[ 220.  166.]
2018-11-09 19:11:30[ 241.  167.]
2018-11-09 19:11:30[ 242.  168.]
2018-11-09 19:11:31[ 282.  172.]
2018-11-09 19:11:32[ 300.  174.]
2018-11-09 19:11:32[ 306.5  175.5]
2018-11-09 19:11:32[ 310.5  175.5]
2018-11-09 19:11:32[ 310.5  175.5]
2018-11-09 19:11:33[ 315.  172.]
2018-11-09 19:11:33[ 300.  166.]
2018-11-09 19:11:34[ 291.  163.]
2018-11-09 19:11:35[ 190.5  151.5]
2018-11-09 19:11:35[ 171.  152.]
2018-11-09 19:11:35[ 158.5  153.5]
2018-11-09 19:11:35[ 155.5  151.5]
2018-11-09 19:11:35[ 156.5  152.5]
2018-11-09 19:11:36[ 140.5  156.5]
2018-11-09 19:11:36[ 140.5  155.5]
2018-11-09 19:11:36[ 134.5  152.5]
2018-11-09 19:11:36[ 134.5  157.5]
2018-11-09 19:11:37[ 180.  198.]
2018-11-09 19:11:38[ 179.  198.]
2018-11-09 19:11:38[ 179.  198.]
2018-11-09 19:11:38[ 186.5  198.5]
2018-11-09 19:11:39[ 183.  197.]
2018-11-09 19:11:39[ 191.  197.]
2018-11-09 19:11:39[ 191.  197.]
2018-11-09 19:11:39[ 190.5  196.5]
2018-11-09 19:11:39[ 185.5  193.5]
2018-11-09 19:11:41[ 204.  204.]
2018-11-09 19:11:41[ 210.  207.]
2018-11-09 19:11:42[ 212.5  205.5]
2018-11-09 19:11:42[ 216.5  200.5]
2018-11-09 19:11:42[ 203.5  199.5]
2018-11-09 19:11:42[ 203.5  199.5]
2018-11-09 19:11:42[ 210.5  191.5]
2018-11-09 19:11:43[ 202.  189.]
2018-11-09 19:11:43[ 200.5  187.5]
2018-11-09 19:11:43[ 198.  186.]
2018-11-09 19:11:44[ 198.  186.]
2018-11-09 19:11:44[ 190.  180.]
2018-11-09 19:11:44[ 186.  188.]
2018-11-09 19:11:44[ 183.  188.]
2018-11-09 19:11:45[ 187.  188.]
2018-11-09 19:11:45[ 166.  170.]
Tracking End:2018-11-09 19:11:45

Object ID:39
Tracking Start:2018-11-09 19:11:54
2018-11-09 19:11:54[ 108.  159.]
2018-11-09 19:11:55[ 138.  153.]
2018-11-09 19:11:55[ 182.5  151.5]
2018-11-09 19:11:55[ 203.5  155.5]
2018-11-09 19:11:56[ 218.5  159.5]
2018-11-09 19:11:56[ 227.  160.]
2018-11-09 19:11:56[ 227.  160.]
2018-11-09 19:11:56[ 261.  165.]
2018-11-09 19:11:57[ 276.  170.]
2018-11-09 19:11:57[ 277.  169.]
2018-11-09 19:11:57[ 290.  172.]
2018-11-09 19:11:57[ 293.5  170.5]
2018-11-09 19:11:57[ 293.5  170.5]
2018-11-09 19:11:58[ 314.5  173.5]
2018-11-09 19:11:58[ 304.  173.]
2018-11-09 19:11:58[ 303.5  171.5]
2018-11-09 19:11:58[ 306.5  172.5]
2018-11-09 19:11:59[ 302.  173.]
2018-11-09 19:11:59[ 299.5  168.5]
2018-11-09 19:12:00[ 288.5  167.5]
2018-11-09 19:12:00[ 253.  164.]
2018-11-09 19:12:00[ 282.  171.]
2018-11-09 19:12:02[ 262.5  173.5]
2018-11-09 19:12:03[ 268.  165.]
2018-11-09 19:12:03[ 269.  164.]
2018-11-09 19:12:03[ 273.  161.]
2018-11-09 19:12:03[ 276.  162.]
2018-11-09 19:12:03[ 282.  162.]
2018-11-09 19:12:03[ 272.  159.]
2018-11-09 19:12:04[ 262.5  151.5]
2018-11-09 19:12:04[ 265.  147.]
2018-11-09 19:12:05[ 216.  142.]
2018-11-09 19:12:05[ 154.5  142.5]
2018-11-09 19:12:05[ 128.5  139.5]
2018-11-09 19:12:05[  97.5  132.5]
Tracking End:2018-11-09 19:12:05

Object ID:40
Tracking Start:2018-11-09 19:12:11
2018-11-09 19:12:11[  82.  154.]
2018-11-09 19:12:12[  90.  153.]
2018-11-09 19:12:12[  90.  153.]
2018-11-09 19:12:12[  95.  150.]
2018-11-09 19:12:12[ 105.5  148.5]
2018-11-09 19:12:13[ 122.5  150.5]
2018-11-09 19:12:13[ 132.  152.]
2018-11-09 19:12:13[ 133.  151.]
2018-11-09 19:12:13[ 143.  146.]
2018-11-09 19:12:14[ 153.  141.]
2018-11-09 19:12:15[ 186.  150.]
2018-11-09 19:12:15[ 189.  152.]
2018-11-09 19:12:15[ 189.5  153.5]
2018-11-09 19:12:15[ 192.5  152.5]
2018-11-09 19:12:16[ 195.  153.]
2018-11-09 19:12:16[ 200.  155.]
2018-11-09 19:12:16[ 202.  155.]
2018-11-09 19:12:17[ 198.  154.]
2018-11-09 19:12:17[ 199.  154.]
2018-11-09 19:12:18[ 207.5  157.5]
2018-11-09 19:12:18[ 198.  158.]
2018-11-09 19:12:18[ 170.  156.]
2018-11-09 19:12:18[ 173.5  155.5]
2018-11-09 19:12:19[ 157.  152.]
2018-11-09 19:12:19[ 163.  146.]
2018-11-09 19:12:20[ 215.  176.]
2018-11-09 19:12:20[ 232.  180.]
2018-11-09 19:12:21[ 225.  178.]
2018-11-09 19:12:21[ 229.5  176.5]
2018-11-09 19:12:21[ 223.  175.]
2018-11-09 19:12:21[ 222.  177.]
2018-11-09 19:12:21[ 223.  176.]
2018-11-09 19:12:21[ 225.  180.]
2018-11-09 19:12:21[ 222.  178.]
2018-11-09 19:12:22[ 222.5  178.5]
2018-11-09 19:12:22[ 224.  177.]
2018-11-09 19:12:22[ 224.  175.]
2018-11-09 19:12:23[ 223.5  175.5]
2018-11-09 19:12:23[ 226.  177.]
2018-11-09 19:12:23[ 238.5  180.5]
2018-11-09 19:12:23[ 244.  179.]
2018-11-09 19:12:23[ 241.5  179.5]
2018-11-09 19:12:24[ 235.5  179.5]
2018-11-09 19:12:24[ 242.  181.]
2018-11-09 19:12:26[ 237.  150.]
2018-11-09 19:12:26[ 224.5  146.5]
2018-11-09 19:12:26[ 232.  143.]
2018-11-09 19:12:26[ 245.5  142.5]
2018-11-09 19:12:27[ 227.  151.]
2018-11-09 19:12:27[ 184.  143.]
2018-11-09 19:12:27[ 156.  133.]
2018-11-09 19:12:28[ 233.5  142.5]
2018-11-09 19:12:29[ 245.  130.]
2018-11-09 19:12:29[ 245.  128.]
2018-11-09 19:12:29[ 242.  130.]
2018-11-09 19:12:29[ 247.  131.]
2018-11-09 19:12:30[ 231.5  130.5]
2018-11-09 19:12:30[ 216.5  127.5]
2018-11-09 19:12:31[ 194.5  121.5]
2018-11-09 19:12:31[ 196.5  124.5]
2018-11-09 19:12:31[ 196.5  124.5]
2018-11-09 19:12:31[ 201.5  126.5]
2018-11-09 19:12:32[ 215.5  135.5]
2018-11-09 19:12:32[ 218.  136.]
2018-11-09 19:12:32[ 217.5  136.5]
2018-11-09 19:12:33[ 220.5  141.5]
2018-11-09 19:12:33[ 219.5  143.5]
2018-11-09 19:12:33[ 219.  145.]
2018-11-09 19:12:33[ 220.  145.]
2018-11-09 19:12:33[ 222.5  146.5]
2018-11-09 19:12:34[ 222.  144.]
2018-11-09 19:12:34[ 220.  141.]
2018-11-09 19:12:35[ 216.5  133.5]
2018-11-09 19:12:35[ 220.5  136.5]
2018-11-09 19:12:35[ 226.5  137.5]
2018-11-09 19:12:35[ 229.  139.]
2018-11-09 19:12:35[ 230.  142.]
2018-11-09 19:12:35[ 231.  141.]
2018-11-09 19:12:36[ 242.5  144.5]
2018-11-09 19:12:36[ 239.5  144.5]
2018-11-09 19:12:36[ 242.5  146.5]
2018-11-09 19:12:37[ 239.  147.]
2018-11-09 19:12:38[ 234.5  145.5]
2018-11-09 19:12:38[ 230.5  144.5]
2018-11-09 19:12:38[ 230.5  144.5]
2018-11-09 19:12:38[ 230.5  144.5]
2018-11-09 19:12:38[ 240.  148.]
2018-11-09 19:12:39[ 238.  151.]
2018-11-09 19:12:40[ 247.  154.]
2018-11-09 19:12:40[ 247.  154.]
Tracking End:2018-11-09 19:12:40

Object ID:41
Tracking Start:2018-11-09 19:12:43
2018-11-09 19:12:43[ 245.  159.]
2018-11-09 19:12:44[ 237.5  127.5]
2018-11-09 19:12:44[ 180.5  127.5]
2018-11-09 19:12:44[ 191.  141.]
2018-11-09 19:12:46[ 300.5  161.5]
2018-11-09 19:12:47[  97.  135.]
2018-11-09 19:12:48[  80.5  191.5]
2018-11-09 19:12:48[  84.  191.]
2018-11-09 19:12:48[  87.  193.]
2018-11-09 19:12:49[ 157.  143.]
2018-11-09 19:12:49[ 228.5  152.5]
2018-11-09 19:12:50[ 196.5  144.5]
2018-11-09 19:12:50[ 136.  138.]
2018-11-09 19:12:50[  85.  140.]
2018-11-09 19:12:50[ 158.  159.]
2018-11-09 19:12:51[ 266.5  149.5]
2018-11-09 19:12:51[ 166.5  153.5]
2018-11-09 19:12:52[ 147.  156.]
2018-11-09 19:12:52[ 134.  158.]
2018-11-09 19:12:52[ 144.  157.]
2018-11-09 19:12:52[ 160.  155.]
2018-11-09 19:12:52[ 129.  144.]
2018-11-09 19:12:53[ 123.  141.]
2018-11-09 19:12:53[ 111.  146.]
2018-11-09 19:12:54[ 128.  145.]
2018-11-09 19:12:55[ 200.  161.]
2018-11-09 19:12:56[ 190.  173.]
2018-11-09 19:12:56[ 194.  174.]
2018-11-09 19:12:56[ 208.  168.]
2018-11-09 19:12:57[ 188.  164.]
2018-11-09 19:12:57[ 192.5  163.5]
2018-11-09 19:12:57[ 186.  164.]
2018-11-09 19:12:58[ 193.  166.]
2018-11-09 19:12:59[ 203.5  165.5]
2018-11-09 19:12:59[ 207.  165.]
2018-11-09 19:13:00[ 204.  169.]
2018-11-09 19:13:00[ 205.  170.]
2018-11-09 19:13:00[ 207.  169.]
2018-11-09 19:13:00[ 209.5  169.5]
2018-11-09 19:13:00[ 205.5  169.5]
2018-11-09 19:13:01[ 206.5  172.5]
2018-11-09 19:13:02[ 208.  171.]
2018-11-09 19:13:02[ 210.5  170.5]
2018-11-09 19:13:02[ 205.5  171.5]
2018-11-09 19:13:03[ 207.  172.]
2018-11-09 19:13:04[ 202.  171.]
2018-11-09 19:13:04[ 205.  171.]
2018-11-09 19:13:04[ 205.  171.]
2018-11-09 19:13:04[ 207.5  171.5]
2018-11-09 19:13:04[ 226.5  165.5]
2018-11-09 19:13:04[ 249.  168.]
2018-11-09 19:13:06[ 270.5  174.5]
2018-11-09 19:13:06[ 271.5  175.5]
2018-11-09 19:13:06[ 277.5  178.5]
2018-11-09 19:13:08[ 291.5  191.5]
Tracking End:2018-11-09 19:13:08

Object ID:42
Tracking Start:2018-11-09 19:13:13
2018-11-09 19:13:13[ 297.5  213.5]
Tracking End:2018-11-09 19:13:13

Object ID:44
Tracking Start:2018-11-09 19:13:36
2018-11-09 19:13:36[ 252.  191.]
Tracking End:2018-11-09 19:13:36

Object ID:45
Tracking Start:2018-11-09 19:13:41
2018-11-09 19:13:41[ 454.5   94.5]
Tracking End:2018-11-09 19:13:41

Object ID:43
Tracking Start:2018-11-09 19:13:26
2018-11-09 19:13:26[ 287.  186.]
2018-11-09 19:13:26[ 286.5  180.5]
2018-11-09 19:13:26[ 280.5  182.5]
2018-11-09 19:13:27[ 274.  183.]
2018-11-09 19:13:27[ 275.  184.]
2018-11-09 19:13:27[ 274.5  183.5]
2018-11-09 19:13:27[ 273.5  182.5]
2018-11-09 19:13:27[ 273.5  182.5]
2018-11-09 19:13:28[ 273.5  183.5]
2018-11-09 19:13:28[ 254.  182.]
2018-11-09 19:13:29[ 242.  172.]
2018-11-09 19:13:29[ 251.5  174.5]
2018-11-09 19:13:30[ 243.5  175.5]
2018-11-09 19:13:30[ 243.5  175.5]
2018-11-09 19:13:31[ 248.5  173.5]
2018-11-09 19:13:31[ 247.  176.]
2018-11-09 19:13:31[ 251.5  177.5]
2018-11-09 19:13:33[ 247.  171.]
2018-11-09 19:13:33[ 206.  199.]
2018-11-09 19:13:34[ 259.  205.]
2018-11-09 19:13:34[ 241.5  196.5]
2018-11-09 19:13:34[ 230.  191.]
2018-11-09 19:13:35[ 118.5  174.5]
2018-11-09 19:13:35[ 163.5  176.5]
2018-11-09 19:13:35[ 181.5  176.5]
2018-11-09 19:13:35[ 204.  180.]
2018-11-09 19:13:36[  94.  144.]
2018-11-09 19:13:37[ 145.  146.]
2018-11-09 19:13:37[ 135.5  144.5]
2018-11-09 19:13:37[ 135.5  144.5]
2018-11-09 19:13:37[ 106.  146.]
2018-11-09 19:13:38[  95.  175.]
2018-11-09 19:13:38[  92.  180.]
2018-11-09 19:13:39[  93.  180.]
2018-11-09 19:13:39[  89.5  179.5]
2018-11-09 19:13:39[  89.  180.]
2018-11-09 19:13:40[ 213.  203.]
2018-11-09 19:13:41[ 247.  176.]
2018-11-09 19:13:42[  95.5  173.5]
2018-11-09 19:13:42[  96.  172.]
2018-11-09 19:13:42[  96.5  171.5]
2018-11-09 19:13:42[ 108.  173.]
2018-11-09 19:13:42[ 160.  241.]
2018-11-09 19:13:43[ 192.5  248.5]
2018-11-09 19:13:44[ 247.5  189.5]
2018-11-09 19:13:44[ 237.5  189.5]
2018-11-09 19:13:44[ 236.  191.]
2018-11-09 19:13:45[ 229.5  185.5]
2018-11-09 19:13:45[ 230.  181.]
2018-11-09 19:13:45[ 230.  181.]
2018-11-09 19:13:45[ 226.  179.]
2018-11-09 19:13:46[ 226.  172.]
2018-11-09 19:13:46[ 220.  164.]
2018-11-09 19:13:46[ 220.  164.]
2018-11-09 19:13:46[ 211.  163.]
2018-11-09 19:13:47[ 204.5  157.5]
2018-11-09 19:13:47[ 204.5  157.5]
2018-11-09 19:13:48[ 198.5  162.5]
2018-11-09 19:13:48[ 210.  167.]
2018-11-09 19:13:48[ 210.  167.]
2018-11-09 19:13:48[ 208.5  169.5]
2018-11-09 19:13:48[ 211.5  173.5]
2018-11-09 19:13:49[ 267.  175.]
2018-11-09 19:13:49[ 268.5  174.5]
2018-11-09 19:13:49[ 268.5  174.5]
2018-11-09 19:13:49[ 249.5  175.5]
2018-11-09 19:13:49[ 226.5  169.5]
2018-11-09 19:13:49[ 158.5  153.5]
2018-11-09 19:13:50[ 138.5  141.5]
2018-11-09 19:13:50[ 175.  129.]
2018-11-09 19:13:50[ 246.5  144.5]
Tracking End:2018-11-09 19:13:50

Object ID:46
Tracking Start:2018-11-09 19:13:50
2018-11-09 19:13:50[  97.  147.]
2018-11-09 19:13:51[ 157.5  204.5]
2018-11-09 19:13:51[ 195.5  179.5]
2018-11-09 19:13:51[ 161.5  170.5]
2018-11-09 19:13:51[ 112.  142.]
2018-11-09 19:13:51[ 110.5  139.5]
2018-11-09 19:13:52[  98.  139.]
2018-11-09 19:13:53[ 323.  181.]
2018-11-09 19:13:53[ 308.  180.]
2018-11-09 19:13:53[ 274.  196.]
2018-11-09 19:13:54[ 289.5  211.5]
2018-11-09 19:13:55[ 299.  227.]
2018-11-09 19:13:55[ 308.  227.]
2018-11-09 19:13:55[ 303.  224.]
2018-11-09 19:13:55[ 304.  223.]
2018-11-09 19:13:56[ 308.  227.]
Tracking End:2018-11-09 19:13:56

Object ID:47
Tracking Start:2018-11-09 19:13:55
2018-11-09 19:13:55[ 183.  231.]
2018-11-09 19:13:56[ 195.  235.]
2018-11-09 19:13:57[ 240.5  146.5]
2018-11-09 19:13:58[ 203.  148.]
2018-11-09 19:13:58[ 197.5  153.5]
2018-11-09 19:13:58[ 184.  159.]
2018-11-09 19:13:58[ 177.  157.]
2018-11-09 19:13:59[ 179.  161.]
2018-11-09 19:13:59[ 179.  158.]
2018-11-09 19:13:59[ 177.5  156.5]
2018-11-09 19:14:00[ 176.5  156.5]
2018-11-09 19:14:00[ 175.5  157.5]
2018-11-09 19:14:00[ 174.5  151.5]
2018-11-09 19:14:00[ 168.  152.]
2018-11-09 19:14:00[ 165.  150.]
2018-11-09 19:14:01[ 160.5  145.5]
2018-11-09 19:14:01[ 166.5  147.5]
2018-11-09 19:14:01[ 164.5  145.5]
2018-11-09 19:14:01[ 162.  146.]
2018-11-09 19:14:01[ 163.5  144.5]
2018-11-09 19:14:02[ 158.5  143.5]
2018-11-09 19:14:02[ 167.  149.]
2018-11-09 19:14:02[ 174.  148.]
2018-11-09 19:14:03[ 183.  149.]
2018-11-09 19:14:03[ 180.  148.]
2018-11-09 19:14:03[ 178.  150.]
2018-11-09 19:14:03[ 177.  152.]
2018-11-09 19:14:03[ 179.  152.]
2018-11-09 19:14:03[ 181.5  151.5]
2018-11-09 19:14:03[ 174.5  150.5]
2018-11-09 19:14:03[ 171.  145.]
2018-11-09 19:14:04[ 177.5  143.5]
2018-11-09 19:14:04[ 171.5  146.5]
2018-11-09 19:14:04[ 171.5  147.5]
2018-11-09 19:14:05[ 182.5  148.5]
2018-11-09 19:14:05[ 185.5  145.5]
2018-11-09 19:14:05[ 186.5  143.5]
2018-11-09 19:14:05[ 181.5  141.5]
2018-11-09 19:14:05[ 186.5  145.5]
2018-11-09 19:14:05[ 183.5  145.5]
2018-11-09 19:14:06[ 177.5  150.5]
2018-11-09 19:14:06[ 176.5  150.5]
2018-11-09 19:14:06[ 166.5  146.5]
2018-11-09 19:14:07[ 165.  148.]
2018-11-09 19:14:07[ 166.5  150.5]
2018-11-09 19:14:07[ 179.5  143.5]
2018-11-09 19:14:07[ 174.  141.]
2018-11-09 19:14:07[ 178.5  142.5]
2018-11-09 19:14:08[ 179.  141.]
2018-11-09 19:14:08[ 177.  141.]
2018-11-09 19:14:08[ 172.5  144.5]
2018-11-09 19:14:08[ 169.  146.]
2018-11-09 19:14:08[ 169.5  143.5]
2018-11-09 19:14:09[ 174.5  142.5]
2018-11-09 19:14:09[ 180.5  145.5]
2018-11-09 19:14:09[ 174.5  141.5]
2018-11-09 19:14:10[ 182.5  141.5]
2018-11-09 19:14:10[ 181.5  140.5]
2018-11-09 19:14:10[ 179.5  143.5]
2018-11-09 19:14:10[ 179.5  143.5]
2018-11-09 19:14:10[ 175.  149.]
2018-11-09 19:14:10[ 183.  159.]
2018-11-09 19:14:10[ 178.  159.]
2018-11-09 19:14:11[ 181.  160.]
2018-11-09 19:14:11[ 180.5  162.5]
2018-11-09 19:14:11[ 178.  162.]
2018-11-09 19:14:11[ 181.5  161.5]
2018-11-09 19:14:12[ 178.  160.]
2018-11-09 19:14:12[ 177.5  160.5]
2018-11-09 19:14:12[ 179.5  160.5]
2018-11-09 19:14:13[ 179.5  159.5]
2018-11-09 19:14:13[ 174.5  159.5]
2018-11-09 19:14:13[ 175.5  157.5]
2018-11-09 19:14:14[ 176.  157.]
2018-11-09 19:14:14[ 174.5  156.5]
2018-11-09 19:14:14[ 179.5  158.5]
2018-11-09 19:14:14[ 174.5  157.5]
2018-11-09 19:14:15[ 175.5  159.5]
2018-11-09 19:14:15[ 173.5  159.5]
2018-11-09 19:14:16[ 180.5  158.5]
2018-11-09 19:14:18[ 183.  160.]
2018-11-09 19:14:18[ 170.5  156.5]
2018-11-09 19:14:18[ 172.5  157.5]
2018-11-09 19:14:19[ 180.  151.]
2018-11-09 19:14:19[ 180.  152.]
2018-11-09 19:14:20[ 178.5  152.5]
2018-11-09 19:14:20[ 176.5  154.5]
Tracking End:2018-11-09 19:14:20

Object ID:49
Tracking Start:2018-11-09 19:14:31
2018-11-09 19:14:31[ 502.5  398.5]
Tracking End:2018-11-09 19:14:31

Object ID:48
Tracking Start:2018-11-09 19:14:30
2018-11-09 19:14:30[ 422.5  217.5]
2018-11-09 19:14:31[ 459.  237.]
2018-11-09 19:14:32[ 453.  230.]
2018-11-09 19:14:33[ 449.  218.]
2018-11-09 19:14:34[ 473.  228.]
2018-11-09 19:14:35[ 461.5  223.5]
2018-11-09 19:14:36[ 461.5  229.5]
2018-11-09 19:14:37[ 438.5  230.5]
2018-11-09 19:14:38[ 310.  235.]
2018-11-09 19:14:39[ 263.  238.]
2018-11-09 19:14:39[ 255.  235.]
Tracking End:2018-11-09 19:14:39

Object ID:50
Tracking Start:2018-11-09 19:14:38
2018-11-09 19:14:38[ 201.  223.]
2018-11-09 19:14:41[ 213.  198.]
2018-11-09 19:14:42[ 186.5  220.5]
2018-11-09 19:14:43[ 202.  234.]
2018-11-09 19:14:43[ 202.  234.]
2018-11-09 19:14:44[ 196.5  230.5]
Tracking End:2018-11-09 19:14:44

Object ID:51
Tracking Start:2018-11-09 19:14:58
2018-11-09 19:14:58[ 381.5  222.5]
2018-11-09 19:14:59[ 411.  190.]
2018-11-09 19:15:00[ 442.5  192.5]
2018-11-09 19:15:02[ 475.5  197.5]
2018-11-09 19:15:05[ 513.5  200.5]
2018-11-09 19:15:09[ 507.  219.]
2018-11-09 19:15:10[ 498.  223.]
2018-11-09 19:15:10[ 498.  223.]
2018-11-09 19:15:13[ 467.5  231.5]
2018-11-09 19:15:15[ 442.  236.]
2018-11-09 19:15:16[ 452.5  235.5]
2018-11-09 19:15:17[ 449.5  234.5]
2018-11-09 19:15:18[ 452.  234.]
2018-11-09 19:15:18[ 452.  234.]
Tracking End:2018-11-09 19:15:18

Object ID:52
Tracking Start:2018-11-09 19:15:23
2018-11-09 19:15:23[ 414.5  194.5]
Tracking End:2018-11-09 19:15:23

Object ID:53
Tracking Start:2018-11-09 19:15:32
2018-11-09 19:15:32[ 488.5  240.5]
2018-11-09 19:15:33[ 526.5  235.5]
2018-11-09 19:15:34[ 511.5  224.5]
2018-11-09 19:15:36[ 456.5  238.5]
2018-11-09 19:15:38[ 499.5  250.5]
2018-11-09 19:15:42[ 501.  248.]
2018-11-09 19:15:44[ 525.5  267.5]
2018-11-09 19:15:45[ 537.5  294.5]
2018-11-09 19:15:48[ 543.  297.]
2018-11-09 19:15:49[ 546.5  296.5]
2018-11-09 19:15:52[ 419.5  217.5]
2018-11-09 19:15:53[ 460.  257.]
2018-11-09 19:15:54[ 560.  223.]
2018-11-09 19:15:55[ 563.5  264.5]
2018-11-09 19:15:56[ 596.5  280.5]
2018-11-09 19:15:56[ 596.5  280.5]
2018-11-09 19:15:58[ 609.5  278.5]
2018-11-09 19:15:59[ 625.  287.]
2018-11-09 19:16:00[ 606.  285.]
2018-11-09 19:16:00[ 606.  285.]
2018-11-09 19:16:01[ 601.  288.]
Tracking End:2018-11-09 19:16:01

Object ID:54
Tracking Start:2018-11-09 19:16:07
2018-11-09 19:16:07[ 502.  229.]
Tracking End:2018-11-09 19:16:07

Object ID:55
Tracking Start:2018-11-09 19:16:16
2018-11-09 19:16:16[ 518.5  235.5]
2018-11-09 19:16:18[ 534.5  207.5]
2018-11-09 19:16:20[ 429.5  192.5]
2018-11-09 19:16:20[ 429.5  192.5]
2018-11-09 19:16:21[ 356.  196.]
2018-11-09 19:16:23[ 353.5  195.5]
2018-11-09 19:16:24[ 442.5  202.5]
2018-11-09 19:16:25[ 462.5  198.5]
2018-11-09 19:16:26[ 487.5  201.5]
2018-11-09 19:16:26[ 487.5  201.5]
2018-11-09 19:16:27[ 482.5  205.5]
2018-11-09 19:16:28[ 445.5  219.5]
2018-11-09 19:16:30[ 440.5  219.5]
2018-11-09 19:16:31[ 476.  226.]
Tracking End:2018-11-09 19:16:31

Object ID:56
Tracking Start:2018-11-09 19:16:35
2018-11-09 19:16:35[ 481.5  226.5]
2018-11-09 19:16:36[ 418.  192.]
2018-11-09 19:16:37[ 369.5  224.5]
2018-11-09 19:16:38[ 204.5  215.5]
2018-11-09 19:16:39[ 185.  229.]
2018-11-09 19:16:40[ 184.  238.]
2018-11-09 19:16:41[ 184.5  231.5]
2018-11-09 19:16:43[ 190.  233.]
2018-11-09 19:16:44[ 138.  216.]
2018-11-09 19:16:45[ 170.5  215.5]
2018-11-09 19:16:45[ 170.5  215.5]
2018-11-09 19:16:46[ 189.  216.]
2018-11-09 19:16:47[ 309.  209.]
2018-11-09 19:16:48[ 329.5  210.5]
Tracking End:2018-11-09 19:16:48

Object ID:57
Tracking Start:2018-11-09 19:16:59
2018-11-09 19:16:59[ 363.5  199.5]
2018-11-09 19:17:03[ 337.  205.]
2018-11-09 19:17:04[ 342.5  204.5]
2018-11-09 19:17:06[ 407.  194.]
2018-11-09 19:17:08[ 430.  195.]
2018-11-09 19:17:08[ 430.  195.]
2018-11-09 19:17:09[ 460.  197.]
2018-11-09 19:17:10[ 466.5  195.5]
2018-11-09 19:17:11[ 484.  196.]
2018-11-09 19:17:12[ 499.5  197.5]
2018-11-09 19:17:13[ 510.5  201.5]
2018-11-09 19:17:14[ 513.  201.]
2018-11-09 19:17:18[ 429.  220.]
2018-11-09 19:17:19[ 429.  254.]
2018-11-09 19:17:19[ 429.  254.]
Tracking End:2018-11-09 19:17:19

Object ID:58
Tracking Start:2018-11-09 19:17:25
2018-11-09 19:17:25[ 571.5  301.5]
2018-11-09 19:17:26[ 557.  291.]
2018-11-09 19:17:29[ 562.  292.]
2018-11-09 19:17:30[ 562.5  290.5]
2018-11-09 19:17:31[ 562.  294.]
Tracking End:2018-11-09 19:17:31

Object ID:59
Tracking Start:2018-11-09 19:17:57
2018-11-09 19:17:57[ 410.  223.]
2018-11-09 19:18:01[ 523.5  248.5]
2018-11-09 19:18:01[ 521.  252.]
Tracking End:2018-11-09 19:18:01

Object ID:60
Tracking Start:2018-11-09 19:18:11
2018-11-09 19:18:11[ 540.5  274.5]
2018-11-09 19:18:12[ 556.  266.]
2018-11-09 19:18:12[ 556.  266.]
2018-11-09 19:18:16[ 561.  271.]
2018-11-09 19:18:17[ 566.  273.]
2018-11-09 19:18:20[ 560.  276.]
2018-11-09 19:18:21[ 556.  284.]
Tracking End:2018-11-09 19:18:21

Object ID:61
Tracking Start:2018-11-09 19:18:30
2018-11-09 19:18:30[ 691.5  335.5]
Tracking End:2018-11-09 19:18:30

Object ID:62
Tracking Start:2018-11-09 19:18:39
2018-11-09 19:18:39[ 560.5  274.5]
2018-11-09 19:18:42[ 533.  265.]
2018-11-09 19:18:42[ 535.5  265.5]
2018-11-09 19:18:43[ 542.5  265.5]
2018-11-09 19:18:44[ 553.5  287.5]
2018-11-09 19:18:51[ 437.  238.]
2018-11-09 19:18:51[ 436.5  237.5]
Tracking End:2018-11-09 19:18:51

Object ID:63
Tracking Start:2018-11-09 19:18:59
2018-11-09 19:18:59[ 467.5  249.5]
2018-11-09 19:19:01[ 453.  246.]
2018-11-09 19:19:01[ 453.  246.]
2018-11-09 19:19:01[ 453.  246.]
2018-11-09 19:19:04[ 453.  250.]
2018-11-09 19:19:12[ 481.5  301.5]
Tracking End:2018-11-09 19:19:12

Object ID:64
Tracking Start:2018-11-09 19:19:18
2018-11-09 19:19:18[ 407.5  228.5]
2018-11-09 19:19:25[ 402.  218.]
Tracking End:2018-11-09 19:19:25

Object ID:3
Tracking Start:2018-11-14 15:13:15
2018-11-14 15:13:15[ 441.  683.]
Tracking End:2018-11-14 15:13:15

Object ID:1
Tracking Start:2018-11-14 15:13:15
2018-11-14 15:13:15[ 628.  298.]
Tracking End:2018-11-14 15:13:15

Object ID:2
Tracking Start:2018-11-14 15:13:15
2018-11-14 15:13:15[ 670.  454.]
Tracking End:2018-11-14 15:13:15

Object ID:4
Tracking Start:2018-11-14 15:13:17
2018-11-14 15:13:17[ 988.  288.]
Tracking End:2018-11-14 15:13:17

Object ID:5
Tracking Start:2018-11-14 15:13:17
2018-11-14 15:13:17[ 972.5  366.5]
Tracking End:2018-11-14 15:13:17

Object ID:6
Tracking Start:2018-11-14 15:13:26
2018-11-14 15:13:26[ 214.  322.]
Tracking End:2018-11-14 15:13:26

Object ID:1
Tracking Start:2018-11-14 15:13:44
2018-11-14 15:13:44[ 534.  529.]
2018-11-14 15:13:44[ 573.5  532.5]
2018-11-14 15:13:44[ 637.5  525.5]
2018-11-14 15:13:45[ 639.5  519.5]
2018-11-14 15:13:45[ 642.5  519.5]
2018-11-14 15:13:46[ 644.  520.]
2018-11-14 15:13:46[ 643.  528.]
2018-11-14 15:13:47[ 650.  528.]
2018-11-14 15:13:48[ 642.5  523.5]
2018-11-14 15:13:48[ 639.  527.]
2018-11-14 15:13:49[ 635.5  527.5]
2018-11-14 15:13:49[ 640.5  528.5]
Tracking End:2018-11-14 15:13:49

Object ID:2
Tracking Start:2018-11-14 15:13:59
2018-11-14 15:13:59[ 559.5  531.5]
2018-11-14 15:14:00[ 695.  546.]
2018-11-14 15:14:00[ 662.  558.]
2018-11-14 15:14:02[ 601.  561.]
2018-11-14 15:14:03[ 597.5  552.5]
2018-11-14 15:14:03[ 590.5  553.5]
2018-11-14 15:14:04[ 599.  553.]
2018-11-14 15:14:06[ 598.  552.]
2018-11-14 15:14:06[ 601.  563.]
2018-11-14 15:14:06[ 601.  563.]
2018-11-14 15:14:08[ 583.5  547.5]
2018-11-14 15:14:16[ 511.  534.]
2018-11-14 15:14:16[ 511.  534.]
Tracking End:2018-11-14 15:14:16

Object ID:3
Tracking Start:2018-11-14 15:14:26
2018-11-14 15:14:26[ 504.  523.]
2018-11-14 15:14:27[ 543.  535.]
Tracking End:2018-11-14 15:14:27

Object ID:4
Tracking Start:2018-11-14 15:14:54
2018-11-14 15:14:54[ 191.5  363.5]
2018-11-14 15:14:56[ 207.  372.]
2018-11-14 15:14:57[ 254.  351.]
2018-11-14 15:14:57[ 278.5  354.5]
2018-11-14 15:14:57[ 287.5  351.5]
2018-11-14 15:14:57[ 296.5  354.5]
2018-11-14 15:14:58[ 297.  355.]
2018-11-14 15:14:58[ 299.  353.]
2018-11-14 15:14:58[ 301.  354.]
2018-11-14 15:14:58[ 304.  359.]
2018-11-14 15:14:59[ 290.5  358.5]
2018-11-14 15:14:59[ 293.  362.]
2018-11-14 15:14:59[ 289.  365.]
2018-11-14 15:15:00[ 287.  363.]
2018-11-14 15:15:00[ 284.5  363.5]
2018-11-14 15:15:00[ 285.5  361.5]
2018-11-14 15:15:00[ 282.  361.]
2018-11-14 15:15:00[ 285.  365.]
2018-11-14 15:15:00[ 285.5  364.5]
2018-11-14 15:15:00[ 278.  363.]
2018-11-14 15:15:01[ 279.5  365.5]
2018-11-14 15:15:01[ 283.  368.]
2018-11-14 15:15:01[ 281.  370.]
Tracking End:2018-11-14 15:15:01

Object ID:5
Tracking Start:2018-11-14 15:15:34
2018-11-14 15:15:34[ 132.  298.]
2018-11-14 15:15:35[ 140.  298.]
2018-11-14 15:15:35[ 152.5  297.5]
2018-11-14 15:15:35[ 150.  297.]
2018-11-14 15:15:35[ 154.5  303.5]
2018-11-14 15:15:36[ 151.5  302.5]
2018-11-14 15:15:36[ 152.5  304.5]
2018-11-14 15:15:36[ 151.  304.]
2018-11-14 15:15:36[ 144.5  297.5]
2018-11-14 15:15:36[ 140.5  288.5]
2018-11-14 15:15:37[ 149.  293.]
2018-11-14 15:15:37[ 154.5  292.5]
2018-11-14 15:15:37[ 150.5  295.5]
2018-11-14 15:15:37[ 152.  292.]
2018-11-14 15:15:38[ 148.  296.]
2018-11-14 15:15:38[ 157.5  295.5]
2018-11-14 15:15:38[ 157.  294.]
2018-11-14 15:15:39[ 154.  296.]
2018-11-14 15:15:39[ 152.  295.]
2018-11-14 15:15:39[ 150.5  299.5]
2018-11-14 15:15:39[ 153.  299.]
2018-11-14 15:15:39[ 148.5  296.5]
2018-11-14 15:15:39[ 147.  297.]
2018-11-14 15:15:40[ 147.5  294.5]
2018-11-14 15:15:40[ 148.5  296.5]
2018-11-14 15:15:40[ 151.5  295.5]
2018-11-14 15:15:40[ 145.5  293.5]
2018-11-14 15:15:40[ 151.  297.]
2018-11-14 15:15:41[ 119.5  302.5]
2018-11-14 15:15:43[ 103.  283.]
2018-11-14 15:15:43[ 109.  287.]
2018-11-14 15:15:43[ 109.  287.]
2018-11-14 15:15:43[ 131.5  288.5]
2018-11-14 15:15:43[ 126.  287.]
2018-11-14 15:15:44[ 132.5  276.5]
2018-11-14 15:15:44[ 137.5  277.5]
2018-11-14 15:15:44[ 132.  276.]
2018-11-14 15:15:44[ 133.  280.]
2018-11-14 15:15:44[ 136.  273.]
2018-11-14 15:15:44[ 139.  284.]
2018-11-14 15:15:45[ 138.  281.]
2018-11-14 15:15:45[ 137.  285.]
2018-11-14 15:15:45[ 139.5  296.5]
2018-11-14 15:15:47[ 125.  304.]
2018-11-14 15:15:48[ 127.  306.]
2018-11-14 15:15:48[ 127.  306.]
2018-11-14 15:15:48[ 122.5  304.5]
2018-11-14 15:15:48[ 125.  306.]
2018-11-14 15:15:48[ 124.5  305.5]
2018-11-14 15:15:48[ 122.5  306.5]
2018-11-14 15:15:49[ 123.5  307.5]
2018-11-14 15:15:49[ 119.5  302.5]
2018-11-14 15:15:49[ 114.5  304.5]
2018-11-14 15:15:49[ 118.5  308.5]
Tracking End:2018-11-14 15:15:50

Object ID:6
Tracking Start:2018-11-14 15:16:19
2018-11-14 15:16:19[ 108.5  213.5]
Tracking End:2018-11-14 15:16:21

Object ID:7
Tracking Start:2018-11-14 15:16:38
2018-11-14 15:16:38[ 121.  225.]
Tracking End:2018-11-14 15:16:38

Object ID:8
Tracking Start:2018-11-14 15:16:49
2018-11-14 15:16:49[ 113.5  219.5]
2018-11-14 15:16:52[ 115.  225.]
Tracking End:2018-11-14 15:16:52

Object ID:9
Tracking Start:2018-11-14 15:17:07
2018-11-14 15:17:07[ 124.  203.]
Tracking End:2018-11-14 15:17:07

Object ID:10
Tracking Start:2018-11-14 15:17:15
2018-11-14 15:17:15[ 180.  217.]
2018-11-14 15:17:17[ 214.  214.]
Tracking End:2018-11-14 15:17:17

Object ID:11
Tracking Start:2018-11-14 15:17:23
2018-11-14 15:17:23[ 184.  227.]
Tracking End:2018-11-14 15:17:23

Object ID:12
Tracking Start:2018-11-14 15:17:31
2018-11-14 15:17:31[ 178.  225.]
Tracking End:2018-11-14 15:17:31

Object ID:13
Tracking Start:2018-11-14 15:18:22
2018-11-14 15:18:22[ 165.  229.]
Tracking End:2018-11-14 15:18:22

Object ID:14
Tracking Start:2018-11-14 15:18:35
2018-11-14 15:18:35[ 107.  219.]
Tracking End:2018-11-14 15:18:35

Object ID:15
Tracking Start:2018-11-14 15:20:11
2018-11-14 15:20:11[ 113.  154.]
2018-11-14 15:20:12[ 120.5  150.5]
2018-11-14 15:20:12[ 120.5  149.5]
2018-11-14 15:20:12[ 120.5  149.5]
Tracking End:2018-11-14 15:20:13

Object ID:16
Tracking Start:2018-11-14 15:20:21
2018-11-14 15:20:21[ 121.  252.]
Tracking End:2018-11-14 15:20:21

Object ID:17
Tracking Start:2018-11-14 15:20:25
2018-11-14 15:20:25[ 122.5  259.5]
Tracking End:2018-11-14 15:20:25

Object ID:1
Tracking Start:2018-11-14 15:29:54
2018-11-14 15:29:54[ 214.  223.]
Tracking End:2018-11-14 15:29:54

Object ID:2
Tracking Start:2018-11-14 15:29:59
2018-11-14 15:29:59[ 146.  211.]
2018-11-14 15:29:59[ 205.  234.]
2018-11-14 15:30:00[ 221.5  258.5]
2018-11-14 15:30:00[ 221.5  258.5]
2018-11-14 15:30:00[ 225.5  266.5]
2018-11-14 15:30:00[ 193.5  287.5]
2018-11-14 15:30:00[ 189.5  279.5]
2018-11-14 15:30:00[ 189.  282.]
2018-11-14 15:30:01[ 190.5  281.5]
2018-11-14 15:30:01[ 187.5  281.5]
2018-11-14 15:30:01[ 188.5  280.5]
2018-11-14 15:30:01[ 185.5  284.5]
2018-11-14 15:30:01[ 180.  296.]
Tracking End:2018-11-14 15:30:01

Object ID:3
Tracking Start:2018-11-14 15:31:21
2018-11-14 15:31:21[ 133.5  244.5]
2018-11-14 15:31:22[ 106.5  246.5]
Tracking End:2018-11-14 15:31:22

Object ID:4
Tracking Start:2018-11-14 15:31:31
2018-11-14 15:31:31[ 128.  239.]
Tracking End:2018-11-14 15:31:31

Object ID:5
Tracking Start:2018-11-14 15:31:59
2018-11-14 15:31:59[ 108.  240.]
Tracking End:2018-11-14 15:32:00

Object ID:6
Tracking Start:2018-11-14 15:32:08
2018-11-14 15:32:08[ 110.  241.]
2018-11-14 15:32:08[ 109.5  235.5]
2018-11-14 15:32:13[ 105.  235.]
2018-11-14 15:32:13[ 105.  235.]
2018-11-14 15:32:14[ 107.  234.]
2018-11-14 15:32:15[ 111.  236.]
Tracking End:2018-11-14 15:32:15

Object ID:7
Tracking Start:2018-11-14 15:32:19
2018-11-14 15:32:19[ 107.  238.]
Tracking End:2018-11-14 15:32:19

Object ID:8
Tracking Start:2018-11-14 15:32:22
2018-11-14 15:32:22[ 108.5  234.5]
Tracking End:2018-11-14 15:32:22

Object ID:9
Tracking Start:2018-11-14 15:33:01
2018-11-14 15:33:01[ 100.5  242.5]
Tracking End:2018-11-14 15:33:01

Object ID:10
Tracking Start:2018-11-14 15:33:10
2018-11-14 15:33:10[ 119.  197.]
2018-11-14 15:33:10[ 132.  202.]
Tracking End:2018-11-14 15:33:10

Object ID:11
Tracking Start:2018-11-14 15:33:14
2018-11-14 15:33:14[ 100.  239.]
Tracking End:2018-11-14 15:33:17

Object ID:12
Tracking Start:2018-11-14 15:33:49
2018-11-14 15:33:49[  78.  152.]
Tracking End:2018-11-14 15:33:49

Object ID:13
Tracking Start:2018-11-14 15:34:12
2018-11-14 15:34:12[ 114.  176.]
Tracking End:2018-11-14 15:34:12

Object ID:14
Tracking Start:2018-11-14 15:34:16
2018-11-14 15:34:16[ 360.  164.]
2018-11-14 15:34:16[ 331.  135.]
2018-11-14 15:34:17[ 304.5  107.5]
2018-11-14 15:34:17[ 302.   95.]
Tracking End:2018-11-14 15:34:17

Object ID:15
Tracking Start:2018-11-14 15:39:03
2018-11-14 15:39:03[ 102.  163.]
Tracking End:2018-11-14 15:39:03

Object ID:16
Tracking Start:2018-11-14 15:39:07
2018-11-14 15:39:07[ 176.  323.]
2018-11-14 15:39:07[ 161.  322.]
Tracking End:2018-11-14 15:39:07

Object ID:17
Tracking Start:2018-11-14 15:39:20
2018-11-14 15:39:20[ 160.5  184.5]
2018-11-14 15:39:21[ 178.5  207.5]
2018-11-14 15:39:21[ 140.5  226.5]
2018-11-14 15:39:22[ 149.  243.]
2018-11-14 15:39:22[ 144.  241.]
2018-11-14 15:39:22[ 134.5  240.5]
2018-11-14 15:39:23[ 138.  237.]
2018-11-14 15:39:23[ 133.  223.]
Tracking End:2018-11-14 15:39:23

Object ID:18
Tracking Start:2018-11-14 15:44:06
2018-11-14 15:44:06[ 107.5  256.5]
2018-11-14 15:44:07[ 115.  249.]
2018-11-14 15:44:07[ 102.5  240.5]
Tracking End:2018-11-14 15:44:07

Object ID:19
Tracking Start:2018-11-14 15:44:31
2018-11-14 15:44:31[  74.  294.]
Tracking End:2018-11-14 15:44:32

Object ID:20
Tracking Start:2018-11-14 15:44:39
2018-11-14 15:44:39[  75.5  321.5]
Tracking End:2018-11-14 15:44:39

Object ID:21
Tracking Start:2018-11-14 15:44:43
2018-11-14 15:44:43[  77.5  303.5]
2018-11-14 15:44:44[  73.5  339.5]
Tracking End:2018-11-14 15:44:44

Object ID:22
Tracking Start:2018-11-14 15:44:49
2018-11-14 15:44:49[ 107.  212.]
Tracking End:2018-11-14 15:44:49

Object ID:23
Tracking Start:2018-11-14 15:45:25
2018-11-14 15:45:25[ 221.5  241.5]
Tracking End:2018-11-14 15:45:25

Object ID:24
Tracking Start:2018-11-14 15:46:46
2018-11-14 15:46:46[  78.  197.]
Tracking End:2018-11-14 15:46:46

Object ID:25
Tracking Start:2018-11-14 15:46:47
2018-11-14 15:46:47[ 162.5  139.5]
Tracking End:2018-11-14 15:46:47

Object ID:26
Tracking Start:2018-11-14 15:47:10
2018-11-14 15:47:10[ 233.  262.]
Tracking End:2018-11-14 15:47:10

Object ID:27
Tracking Start:2018-11-14 15:47:15
2018-11-14 15:47:15[ 187.5  230.5]
Tracking End:2018-11-14 15:47:15

Object ID:28
Tracking Start:2018-11-14 15:47:44
2018-11-14 15:47:44[ 119.5  109.5]
Tracking End:2018-11-14 15:47:44

Object ID:29
Tracking Start:2018-11-14 15:48:20
2018-11-14 15:48:20[  88.  322.]
Tracking End:2018-11-14 15:48:20

Object ID:30
Tracking Start:2018-11-14 15:48:23
2018-11-14 15:48:23[  91.5  315.5]
Tracking End:2018-11-14 15:48:23

Object ID:31
Tracking Start:2018-11-14 15:48:31
2018-11-14 15:48:31[  86.  299.]
2018-11-14 15:48:34[  76.  296.]
2018-11-14 15:48:37[  95.5  296.5]
Tracking End:2018-11-14 15:48:37

Object ID:32
Tracking Start:2018-11-14 15:48:41
2018-11-14 15:48:41[  81.5  301.5]
Tracking End:2018-11-14 15:48:41

Object ID:33
Tracking Start:2018-11-14 15:49:27
2018-11-14 15:49:27[ 144.5  230.5]
2018-11-14 15:49:29[ 111.5  299.5]
Tracking End:2018-11-14 15:49:29

Object ID:34
Tracking Start:2018-11-14 15:49:38
2018-11-14 15:49:38[ 202.  195.]
Tracking End:2018-11-14 15:49:39

Object ID:35
Tracking Start:2018-11-14 15:49:44
2018-11-14 15:49:44[ 188.5  190.5]
Tracking End:2018-11-14 15:49:44

Object ID:36
Tracking Start:2018-11-14 15:49:48
2018-11-14 15:49:48[ 246.  236.]
Tracking End:2018-11-14 15:49:48

Object ID:37
Tracking Start:2018-11-14 15:50:15
2018-11-14 15:50:15[ 136.  232.]
2018-11-14 15:50:15[ 154.5  230.5]
2018-11-14 15:50:15[ 194.5  211.5]
2018-11-14 15:50:17[ 179.  191.]
2018-11-14 15:50:17[ 182.5  170.5]
Tracking End:2018-11-14 15:50:17

Object ID:38
Tracking Start:2018-11-14 15:50:25
2018-11-14 15:50:25[ 127.5  168.5]
Tracking End:2018-11-14 15:50:25

Object ID:39
Tracking Start:2018-11-14 15:50:25
2018-11-14 15:50:25[ 109.  229.]
Tracking End:2018-11-14 15:50:25

Object ID:40
Tracking Start:2018-11-14 15:50:28
2018-11-14 15:50:28[ 133.  171.]
Tracking End:2018-11-14 15:50:28

Object ID:41
Tracking Start:2018-11-14 15:50:38
2018-11-14 15:50:38[ 257.  241.]
Tracking End:2018-11-14 15:50:38

Object ID:42
Tracking Start:2018-11-14 15:50:49
2018-11-14 15:50:49[ 282.  211.]
Tracking End:2018-11-14 15:50:49

Object ID:43
Tracking Start:2018-11-14 15:50:54
2018-11-14 15:50:54[ 302.  232.]
Tracking End:2018-11-14 15:50:54

Object ID:44
Tracking Start:2018-11-14 15:51:53
2018-11-14 15:51:53[ 135.  193.]
2018-11-14 15:51:54[ 154.  206.]
2018-11-14 15:51:54[ 149.5  210.5]
2018-11-14 15:51:55[ 157.  215.]
2018-11-14 15:51:56[ 149.  215.]
2018-11-14 15:51:56[ 153.  213.]
2018-11-14 15:51:56[ 154.  210.]
Tracking End:2018-11-14 15:51:56

Object ID:45
Tracking Start:2018-11-14 15:51:59
2018-11-14 15:51:59[ 159.  217.]
2018-11-14 15:52:00[ 165.5  217.5]
2018-11-14 15:52:00[ 147.5  205.5]
2018-11-14 15:52:01[ 144.  204.]
Tracking End:2018-11-14 15:52:01

Object ID:46
Tracking Start:2018-11-14 15:52:33
2018-11-14 15:52:33[ 272.5  234.5]
Tracking End:2018-11-14 15:52:33

Object ID:1
Tracking Start:2018-11-14 15:55:31
2018-11-14 15:55:31[ 380.  261.]
2018-11-14 15:55:32[ 417.  238.]
2018-11-14 15:55:32[ 411.  248.]
2018-11-14 15:55:32[ 409.  263.]
2018-11-14 15:55:33[ 388.  246.]
2018-11-14 15:55:33[ 389.5  252.5]
2018-11-14 15:55:33[ 389.  254.]
2018-11-14 15:55:33[ 392.  254.]
Tracking End:2018-11-14 15:55:33

Object ID:3
Tracking Start:2018-11-14 15:55:36
2018-11-14 15:55:36[ 356.  283.]
Tracking End:2018-11-14 15:55:36

Object ID:2
Tracking Start:2018-11-14 15:55:33
2018-11-14 15:55:33[ 245.  104.]
2018-11-14 15:55:33[ 269.5  119.5]
2018-11-14 15:55:36[ 276.5  224.5]
2018-11-14 15:55:36[ 264.  223.]
2018-11-14 15:55:36[ 181.5  214.5]
2018-11-14 15:55:37[ 132.  235.]
2018-11-14 15:55:37[  88.  240.]
Tracking End:2018-11-14 15:55:37

Object ID:5
Tracking Start:2018-11-14 15:55:44
2018-11-14 15:55:44[  36.5  249.5]
Tracking End:2018-11-14 15:55:44

Object ID:4
Tracking Start:2018-11-14 15:55:44
2018-11-14 15:55:44[  53.5  218.5]
2018-11-14 15:55:44[  85.  232.]
2018-11-14 15:55:44[  98.  232.]
2018-11-14 15:55:44[ 127.  234.]
2018-11-14 15:55:45[ 162.  239.]
2018-11-14 15:55:45[ 201.5  239.5]
2018-11-14 15:55:45[ 237.  244.]
2018-11-14 15:55:46[ 257.  241.]
2018-11-14 15:55:46[ 277.5  239.5]
2018-11-14 15:55:46[ 301.  233.]
2018-11-14 15:55:47[ 422.5  213.5]
2018-11-14 15:55:48[ 468.5  225.5]
2018-11-14 15:55:48[ 474.  226.]
2018-11-14 15:55:48[ 474.  226.]
2018-11-14 15:55:48[ 513.5  228.5]
2018-11-14 15:55:49[ 590.5  212.5]
2018-11-14 15:55:52[ 591.  320.]
2018-11-14 15:55:52[ 588.  344.]
2018-11-14 15:55:53[ 597.  363.]
2018-11-14 15:55:53[ 595.  375.]
2018-11-14 15:55:53[ 596.5  376.5]
2018-11-14 15:55:54[ 583.5  379.5]
2018-11-14 15:55:54[ 561.5  380.5]
2018-11-14 15:55:54[ 529.5  377.5]
2018-11-14 15:55:54[ 511.  372.]
2018-11-14 15:55:55[ 485.5  373.5]
2018-11-14 15:55:55[ 464.  370.]
2018-11-14 15:55:55[ 442.5  362.5]
2018-11-14 15:55:55[ 418.5  355.5]
2018-11-14 15:55:56[ 393.  360.]
2018-11-14 15:55:56[ 359.  368.]
2018-11-14 15:55:57[ 302.  376.]
2018-11-14 15:55:57[ 284.  371.]
2018-11-14 15:55:58[ 261.  369.]
2018-11-14 15:55:59[ 248.  363.]
2018-11-14 15:55:59[ 230.  356.]
2018-11-14 15:55:59[ 223.  355.]
2018-11-14 15:55:59[ 221.  352.]
2018-11-14 15:56:00[ 192.5  350.5]
2018-11-14 15:56:00[ 182.  356.]
Tracking End:2018-11-14 15:56:00

Object ID:6
Tracking Start:2018-11-14 15:56:12
2018-11-14 15:56:12[ 31.  54.]
2018-11-14 15:56:12[ 59.5  33.5]
2018-11-14 15:56:14[ 131.   31.]
2018-11-14 15:56:14[ 140.5   31.5]
2018-11-14 15:56:14[ 150.   35.]
2018-11-14 15:56:14[ 165.5   39.5]
2018-11-14 15:56:14[ 165.5   39.5]
2018-11-14 15:56:14[ 195.5   45.5]
2018-11-14 15:56:15[ 221.5   64.5]
2018-11-14 15:56:15[ 237.   77.]
2018-11-14 15:56:16[ 244.   89.]
2018-11-14 15:56:16[ 242.5  120.5]
2018-11-14 15:56:16[ 246.  137.]
2018-11-14 15:56:16[ 246.  143.]
2018-11-14 15:56:16[ 246.  147.]
2018-11-14 15:56:17[ 240.  161.]
2018-11-14 15:56:17[ 222.5  176.5]
Tracking End:2018-11-14 15:56:17

Object ID:8
Tracking Start:2018-11-14 15:56:31
2018-11-14 15:56:31[ 573.5  275.5]
2018-11-14 15:56:32[ 579.5  298.5]
2018-11-14 15:56:32[ 544.  265.]
Tracking End:2018-11-14 15:56:32

Object ID:7
Tracking Start:2018-11-14 15:56:23
2018-11-14 15:56:23[  43.5  214.5]
2018-11-14 15:56:23[  54.  204.]
2018-11-14 15:56:23[  60.  199.]
2018-11-14 15:56:24[ 141.  185.]
2018-11-14 15:56:24[ 154.5  192.5]
2018-11-14 15:56:24[ 158.5  191.5]
2018-11-14 15:56:24[ 166.  188.]
2018-11-14 15:56:25[ 176.  189.]
2018-11-14 15:56:25[ 178.5  187.5]
2018-11-14 15:56:25[ 176.  174.]
2018-11-14 15:56:25[ 170.  170.]
2018-11-14 15:56:26[ 197.  150.]
2018-11-14 15:56:27[ 252.  150.]
2018-11-14 15:56:27[ 288.  153.]
2018-11-14 15:56:27[ 311.5  154.5]
2018-11-14 15:56:27[ 311.5  154.5]
2018-11-14 15:56:28[ 387.  158.]
2018-11-14 15:56:29[ 420.5  160.5]
2018-11-14 15:56:29[ 420.5  160.5]
2018-11-14 15:56:29[ 425.5  160.5]
2018-11-14 15:56:29[ 467.  151.]
2018-11-14 15:56:30[ 527.  174.]
2018-11-14 15:56:31[ 580.5  206.5]
2018-11-14 15:56:31[ 588.5  239.5]
2018-11-14 15:56:31[ 590.5  246.5]
2018-11-14 15:56:31[ 587.5  247.5]
2018-11-14 15:56:31[ 587.5  251.5]
2018-11-14 15:56:32[ 596.5  269.5]
Tracking End:2018-11-14 15:56:32

Object ID:9
Tracking Start:2018-11-14 15:56:32
2018-11-14 15:56:32[ 289.5  213.5]
2018-11-14 15:56:33[ 204.5  191.5]
Tracking End:2018-11-14 15:56:33

Object ID:10
Tracking Start:2018-11-14 15:56:40
2018-11-14 15:56:40[  52.5  249.5]
2018-11-14 15:56:40[  66.5  210.5]
2018-11-14 15:56:40[  61.5  179.5]
2018-11-14 15:56:41[ 110.5  139.5]
2018-11-14 15:56:41[ 114.5  140.5]
2018-11-14 15:56:41[ 124.5  139.5]
2018-11-14 15:56:41[ 130.  135.]
2018-11-14 15:56:42[ 141.5  133.5]
2018-11-14 15:56:42[ 169.  134.]
2018-11-14 15:56:42[ 164.5  133.5]
2018-11-14 15:56:42[ 164.5  133.5]
2018-11-14 15:56:43[ 197.  188.]
2018-11-14 15:56:43[ 235.  206.]
2018-11-14 15:56:44[ 244.5  206.5]
2018-11-14 15:56:44[ 273.5  196.5]
2018-11-14 15:56:44[ 318.5  218.5]
2018-11-14 15:56:44[ 319.  224.]
2018-11-14 15:56:44[ 320.5  228.5]
2018-11-14 15:56:45[ 338.  229.]
2018-11-14 15:56:45[ 373.5  238.5]
2018-11-14 15:56:45[ 408.  236.]
2018-11-14 15:56:45[ 455.5  230.5]
2018-11-14 15:56:46[ 495.5  226.5]
Tracking End:2018-11-14 15:56:46

Object ID:11
Tracking Start:2018-11-14 15:56:50
2018-11-14 15:56:50[ 559.  327.]
2018-11-14 15:56:50[ 536.  328.]
2018-11-14 15:56:50[ 513.  322.]
2018-11-14 15:56:50[ 457.  317.]
2018-11-14 15:56:51[ 411.5  322.5]
2018-11-14 15:56:51[ 415.  324.]
2018-11-14 15:56:51[ 419.  331.]
2018-11-14 15:56:51[ 411.  336.]
2018-11-14 15:56:52[ 407.  332.]
2018-11-14 15:56:52[ 414.5  342.5]
2018-11-14 15:56:53[ 368.  332.]
2018-11-14 15:56:53[ 320.  323.]
2018-11-14 15:56:54[ 308.  320.]
2018-11-14 15:56:54[ 293.  322.]
2018-11-14 15:56:54[ 263.  325.]
2018-11-14 15:56:54[ 252.5  324.5]
2018-11-14 15:56:54[ 242.5  323.5]
2018-11-14 15:56:55[ 198.5  280.5]
2018-11-14 15:56:56[ 194.  228.]
2018-11-14 15:56:56[ 184.  199.]
2018-11-14 15:56:56[ 178.5  167.5]
2018-11-14 15:56:57[ 178.5  152.5]
2018-11-14 15:56:57[ 174.  148.]
2018-11-14 15:56:57[ 172.5  147.5]
2018-11-14 15:56:57[ 170.  146.]
2018-11-14 15:56:57[ 157.  129.]
2018-11-14 15:56:57[ 122.5  125.5]
2018-11-14 15:56:58[  95.  115.]
2018-11-14 15:56:59[ 67.5  97.5]
2018-11-14 15:56:59[ 74.5  93.5]
2018-11-14 15:56:59[ 90.  96.]
2018-11-14 15:56:59[ 184.  109.]
2018-11-14 15:57:00[ 246.5  103.5]
2018-11-14 15:57:00[ 283.5  101.5]
2018-11-14 15:57:00[ 295.5  104.5]
2018-11-14 15:57:00[ 298.5  107.5]
2018-11-14 15:57:00[ 299.  113.]
2018-11-14 15:57:01[ 307.  144.]
2018-11-14 15:57:01[ 334.  165.]
2018-11-14 15:57:01[ 347.5  179.5]
2018-11-14 15:57:02[ 384.5  195.5]
2018-11-14 15:57:03[ 418.  202.]
2018-11-14 15:57:03[ 475.  205.]
2018-11-14 15:57:04[ 558.5  223.5]
2018-11-14 15:57:04[ 572.  223.]
Tracking End:2018-11-14 15:57:04

Object ID:12
Tracking Start:2018-11-14 15:57:04
2018-11-14 15:57:04[ 551.  264.]
2018-11-14 15:57:05[ 574.5  278.5]
2018-11-14 15:57:05[ 587.  281.]
2018-11-14 15:57:05[ 587.  281.]
Tracking End:2018-11-14 15:57:05

Object ID:13
Tracking Start:2018-11-14 15:57:59
2018-11-14 15:57:59[ 111.  255.]
Tracking End:2018-11-14 15:57:59

Object ID:14
Tracking Start:2018-11-14 15:59:22
2018-11-14 15:59:22[  95.  355.]
Tracking End:2018-11-14 15:59:22

Object ID:15
Tracking Start:2018-11-14 16:01:03
2018-11-14 16:01:03[ 140.5  227.5]
Tracking End:2018-11-14 16:01:04

Object ID:16
Tracking Start:2018-11-14 16:01:19
2018-11-14 16:01:19[ 145.  232.]
Tracking End:2018-11-14 16:01:19

Object ID:17
Tracking Start:2018-11-14 16:01:31
2018-11-14 16:01:31[ 148.5  235.5]
Tracking End:2018-11-14 16:01:33

Object ID:18
Tracking Start:2018-11-14 16:01:43
2018-11-14 16:01:43[ 146.  240.]
Tracking End:2018-11-14 16:01:43

Object ID:19
Tracking Start:2018-11-14 16:01:50
2018-11-14 16:01:50[ 147.  238.]
Tracking End:2018-11-14 16:01:50

Object ID:20
Tracking Start:2018-11-14 16:02:36
2018-11-14 16:02:36[ 137.  227.]
2018-11-14 16:02:37[ 147.  230.]
Tracking End:2018-11-14 16:02:37

Object ID:21
Tracking Start:2018-11-14 16:04:20
2018-11-14 16:04:20[ 147.  243.]
Tracking End:2018-11-14 16:04:20

Object ID:22
Tracking Start:2018-11-14 16:05:05
2018-11-14 16:05:05[ 152.  240.]
Tracking End:2018-11-14 16:05:05

Object ID:23
Tracking Start:2018-11-14 16:06:07
2018-11-14 16:06:07[ 172.5  241.5]
Tracking End:2018-11-14 16:06:07

Object ID:24
Tracking Start:2018-11-14 16:06:36
2018-11-14 16:06:36[ 181.5  226.5]
2018-11-14 16:06:36[ 181.5  233.5]
2018-11-14 16:06:37[ 171.  220.]
2018-11-14 16:06:38[ 170.  240.]
2018-11-14 16:06:38[ 171.  245.]
2018-11-14 16:06:38[ 169.5  242.5]
2018-11-14 16:06:39[ 171.  243.]
2018-11-14 16:06:40[ 171.  244.]
2018-11-14 16:06:40[ 171.  244.]
2018-11-14 16:06:41[ 168.  244.]
2018-11-14 16:06:41[ 170.  244.]
2018-11-14 16:06:42[ 170.  242.]
Tracking End:2018-11-14 16:06:42

Object ID:25
Tracking Start:2018-11-14 16:06:47
2018-11-14 16:06:47[ 153.5  165.5]
Tracking End:2018-11-14 16:06:47

Object ID:26
Tracking Start:2018-11-14 16:06:52
2018-11-14 16:06:52[ 164.  266.]
2018-11-14 16:06:57[ 155.5  262.5]
Tracking End:2018-11-14 16:06:57

Object ID:27
Tracking Start:2018-11-14 16:07:02
2018-11-14 16:07:02[ 159.  264.]
Tracking End:2018-11-14 16:07:02

Object ID:28
Tracking Start:2018-11-14 16:07:08
2018-11-14 16:07:08[  66.5  203.5]
2018-11-14 16:07:10[ 130.5  354.5]
Tracking End:2018-11-14 16:07:10

Object ID:30
Tracking Start:2018-11-14 16:07:31
2018-11-14 16:07:31[ 205.   44.]
Tracking End:2018-11-14 16:07:31

Object ID:29
Tracking Start:2018-11-14 16:07:28
2018-11-14 16:07:28[ 373.5  324.5]
2018-11-14 16:07:28[ 373.5  330.5]
2018-11-14 16:07:28[ 373.5  330.5]
2018-11-14 16:07:29[ 345.  381.]
2018-11-14 16:07:29[ 317.  336.]
2018-11-14 16:07:29[ 315.  334.]
2018-11-14 16:07:29[ 316.5  318.5]
2018-11-14 16:07:30[ 313.  303.]
2018-11-14 16:07:30[ 341.  299.]
2018-11-14 16:07:31[ 356.5  294.5]
2018-11-14 16:07:31[ 369.5  308.5]
2018-11-14 16:07:31[ 369.5  308.5]
2018-11-14 16:07:31[ 371.5  306.5]
2018-11-14 16:07:31[ 372.  309.]
2018-11-14 16:07:32[ 389.  401.]
2018-11-14 16:07:33[ 365.  442.]
Tracking End:2018-11-14 16:07:33

Object ID:31
Tracking Start:2018-11-14 16:08:08
2018-11-14 16:08:08[ 174.  247.]
2018-11-14 16:08:08[ 179.5  257.5]
2018-11-14 16:08:09[ 198.  293.]
2018-11-14 16:08:09[ 192.  297.]
2018-11-14 16:08:10[ 174.  310.]
2018-11-14 16:08:10[ 171.  310.]
2018-11-14 16:08:10[ 158.5  319.5]
2018-11-14 16:08:10[ 158.5  319.5]
2018-11-14 16:08:10[ 147.  334.]
2018-11-14 16:08:12[ 174.  364.]
2018-11-14 16:08:12[ 178.5  365.5]
2018-11-14 16:08:12[ 239.5  380.5]
2018-11-14 16:08:13[ 285.  384.]
2018-11-14 16:08:13[ 314.5  382.5]
2018-11-14 16:08:14[ 315.  405.]
2018-11-14 16:08:14[ 320.  401.]
2018-11-14 16:08:15[ 248.5  391.5]
2018-11-14 16:08:15[ 210.  408.]
2018-11-14 16:08:15[ 166.  422.]
Tracking End:2018-11-14 16:08:15

Object ID:32
Tracking Start:2018-11-14 16:08:23
2018-11-14 16:08:23[  35.  317.]
2018-11-14 16:08:23[  50.  320.]
2018-11-14 16:08:23[  73.5  314.5]
2018-11-14 16:08:24[  87.  315.]
2018-11-14 16:08:24[ 120.5  319.5]
2018-11-14 16:08:24[ 168.5  323.5]
2018-11-14 16:08:25[ 196.5  330.5]
2018-11-14 16:08:25[ 212.5  323.5]
2018-11-14 16:08:26[ 254.5  329.5]
2018-11-14 16:08:26[ 282.5  331.5]
2018-11-14 16:08:26[ 292.5  330.5]
2018-11-14 16:08:26[ 308.  329.]
2018-11-14 16:08:27[ 341.  319.]
2018-11-14 16:08:27[ 349.5  319.5]
2018-11-14 16:08:27[ 378.  313.]
2018-11-14 16:08:27[ 403.  320.]
2018-11-14 16:08:28[ 453.  304.]
2018-11-14 16:08:29[ 474.  303.]
2018-11-14 16:08:29[ 519.  310.]
2018-11-14 16:08:29[ 516.5  306.5]
2018-11-14 16:08:29[ 518.5  305.5]
2018-11-14 16:08:29[ 519.  303.]
2018-11-14 16:08:29[ 520.  303.]
2018-11-14 16:08:30[ 520.  304.]
2018-11-14 16:08:30[ 520.5  292.5]
2018-11-14 16:08:30[ 519.  251.]
Tracking End:2018-11-14 16:08:30

Object ID:33
Tracking Start:2018-11-14 16:08:35
2018-11-14 16:08:35[ 455.5   71.5]
2018-11-14 16:08:35[ 447.   93.]
2018-11-14 16:08:35[ 441.5   98.5]
2018-11-14 16:08:35[ 438.  101.]
Tracking End:2018-11-14 16:08:35

Object ID:34
Tracking Start:2018-11-14 16:09:20
2018-11-14 16:09:20[ 153.  380.]
2018-11-14 16:09:21[ 115.  352.]
Tracking End:2018-11-14 16:09:21

Object ID:35
Tracking Start:2018-11-14 16:10:00
2018-11-14 16:10:00[ 225.  276.]
2018-11-14 16:10:00[ 238.5  286.5]
Tracking End:2018-11-14 16:10:00

Object ID:36
Tracking Start:2018-11-14 16:10:02
2018-11-14 16:10:02[ 318.5  440.5]
Tracking End:2018-11-14 16:10:02

Object ID:37
Tracking Start:2018-11-14 16:11:08
2018-11-14 16:11:08[ 111.5  360.5]
2018-11-14 16:11:08[ 133.  372.]
2018-11-14 16:11:08[ 147.5  365.5]
2018-11-14 16:11:09[ 161.5  352.5]
2018-11-14 16:11:09[ 188.  351.]
2018-11-14 16:11:09[ 232.  355.]
2018-11-14 16:11:10[ 254.5  346.5]
2018-11-14 16:11:10[ 282.  339.]
2018-11-14 16:11:10[ 319.  333.]
2018-11-14 16:11:11[ 348.5  337.5]
2018-11-14 16:11:11[ 382.  338.]
2018-11-14 16:11:11[ 424.5  330.5]
2018-11-14 16:11:12[ 429.5  310.5]
2018-11-14 16:11:12[ 435.5  294.5]
2018-11-14 16:11:12[ 462.5  295.5]
2018-11-14 16:11:13[ 518.  308.]
2018-11-14 16:11:13[ 551.  315.]
2018-11-14 16:11:13[ 574.5  316.5]
2018-11-14 16:11:14[ 571.  286.]
2018-11-14 16:11:14[ 566.  206.]
2018-11-14 16:11:14[ 551.  146.]
2018-11-14 16:11:15[ 547.  119.]
2018-11-14 16:11:15[ 546.5  103.5]
2018-11-14 16:11:15[ 541.   98.]
2018-11-14 16:11:15[ 543.5   87.5]
2018-11-14 16:11:16[ 538.5   84.5]
2018-11-14 16:11:16[ 538.5   83.5]
2018-11-14 16:11:16[ 518.5  105.5]
2018-11-14 16:11:17[ 510.5  146.5]
2018-11-14 16:11:17[ 489.  174.]
2018-11-14 16:11:17[ 471.  200.]
2018-11-14 16:11:18[ 456.5  204.5]
2018-11-14 16:11:18[ 448.  203.]
2018-11-14 16:11:18[ 423.  214.]
2018-11-14 16:11:19[ 316.  204.]
2018-11-14 16:11:19[ 278.  191.]
2018-11-14 16:11:20[ 240.  182.]
2018-11-14 16:11:20[ 216.5  172.5]
2018-11-14 16:11:20[ 205.  172.]
2018-11-14 16:11:21[ 184.5  180.5]
2018-11-14 16:11:21[ 162.5  189.5]
2018-11-14 16:11:22[ 133.5  217.5]
2018-11-14 16:11:22[ 133.5  217.5]
2018-11-14 16:11:22[ 129.5  217.5]
2018-11-14 16:11:22[ 129.5  217.5]
2018-11-14 16:11:22[ 100.  222.]
2018-11-14 16:11:22[  72.5  229.5]
2018-11-14 16:11:23[  53.5  235.5]
2018-11-14 16:11:23[  32.  240.]
Tracking End:2018-11-14 16:11:23

